
{"/Users/nickywong/Documents/GitHub/project-penn-buddy/server/DbOperations.js": {"path":"/Users/nickywong/Documents/GitHub/project-penn-buddy/server/DbOperations.js","statementMap":{"0":{"start":{"line":12,"column":24},"end":{"line":12,"column":42}},"1":{"start":{"line":15,"column":21},"end":{"line":15,"column":39}},"2":{"start":{"line":18,"column":14},"end":{"line":18,"column":127}},"3":{"start":{"line":27,"column":16},"end":{"line":40,"column":1}},"4":{"start":{"line":29,"column":2},"end":{"line":39,"column":3}},"5":{"start":{"line":30,"column":4},"end":{"line":33,"column":7}},"6":{"start":{"line":35,"column":4},"end":{"line":35,"column":73}},"7":{"start":{"line":36,"column":4},"end":{"line":36,"column":27}},"8":{"start":{"line":38,"column":4},"end":{"line":38,"column":38}},"9":{"start":{"line":46,"column":14},"end":{"line":52,"column":1}},"10":{"start":{"line":48,"column":2},"end":{"line":50,"column":3}},"11":{"start":{"line":49,"column":4},"end":{"line":49,"column":20}},"12":{"start":{"line":51,"column":2},"end":{"line":51,"column":30}},"13":{"start":{"line":58,"column":31},"end":{"line":60,"column":1}},"14":{"start":{"line":59,"column":2},"end":{"line":59,"column":32}},"15":{"start":{"line":65,"column":20},"end":{"line":76,"column":1}},"16":{"start":{"line":66,"column":2},"end":{"line":75,"column":3}},"17":{"start":{"line":68,"column":15},"end":{"line":68,"column":28}},"18":{"start":{"line":69,"column":19},"end":{"line":69,"column":65}},"19":{"start":{"line":71,"column":4},"end":{"line":71,"column":52}},"20":{"start":{"line":72,"column":4},"end":{"line":72,"column":18}},"21":{"start":{"line":74,"column":4},"end":{"line":74,"column":41}},"22":{"start":{"line":81,"column":20},"end":{"line":92,"column":1}},"23":{"start":{"line":82,"column":2},"end":{"line":91,"column":3}},"24":{"start":{"line":84,"column":15},"end":{"line":84,"column":28}},"25":{"start":{"line":85,"column":19},"end":{"line":85,"column":85}},"26":{"start":{"line":87,"column":4},"end":{"line":87,"column":51}},"27":{"start":{"line":88,"column":4},"end":{"line":88,"column":18}},"28":{"start":{"line":90,"column":4},"end":{"line":90,"column":41}},"29":{"start":{"line":97,"column":19},"end":{"line":106,"column":1}},"30":{"start":{"line":98,"column":2},"end":{"line":105,"column":3}},"31":{"start":{"line":99,"column":15},"end":{"line":99,"column":28}},"32":{"start":{"line":100,"column":19},"end":{"line":100,"column":59}},"33":{"start":{"line":101,"column":4},"end":{"line":101,"column":59}},"34":{"start":{"line":102,"column":4},"end":{"line":102,"column":18}},"35":{"start":{"line":104,"column":4},"end":{"line":104,"column":41}},"36":{"start":{"line":111,"column":19},"end":{"line":123,"column":1}},"37":{"start":{"line":112,"column":2},"end":{"line":122,"column":3}},"38":{"start":{"line":114,"column":15},"end":{"line":114,"column":28}},"39":{"start":{"line":115,"column":19},"end":{"line":118,"column":5}},"40":{"start":{"line":119,"column":4},"end":{"line":119,"column":18}},"41":{"start":{"line":121,"column":4},"end":{"line":121,"column":41}},"42":{"start":{"line":128,"column":23},"end":{"line":138,"column":1}},"43":{"start":{"line":129,"column":2},"end":{"line":137,"column":3}},"44":{"start":{"line":130,"column":19},"end":{"line":130,"column":82}},"45":{"start":{"line":131,"column":4},"end":{"line":133,"column":5}},"46":{"start":{"line":132,"column":6},"end":{"line":132,"column":19}},"47":{"start":{"line":134,"column":4},"end":{"line":134,"column":16}},"48":{"start":{"line":136,"column":4},"end":{"line":136,"column":48}},"49":{"start":{"line":143,"column":19},"end":{"line":156,"column":1}},"50":{"start":{"line":144,"column":2},"end":{"line":155,"column":3}},"51":{"start":{"line":146,"column":15},"end":{"line":146,"column":28}},"52":{"start":{"line":147,"column":19},"end":{"line":149,"column":5}},"53":{"start":{"line":151,"column":4},"end":{"line":151,"column":59}},"54":{"start":{"line":152,"column":4},"end":{"line":152,"column":18}},"55":{"start":{"line":154,"column":4},"end":{"line":154,"column":41}},"56":{"start":{"line":161,"column":21},"end":{"line":172,"column":1}},"57":{"start":{"line":162,"column":2},"end":{"line":171,"column":3}},"58":{"start":{"line":164,"column":15},"end":{"line":164,"column":28}},"59":{"start":{"line":165,"column":19},"end":{"line":165,"column":66}},"60":{"start":{"line":167,"column":4},"end":{"line":167,"column":53}},"61":{"start":{"line":168,"column":4},"end":{"line":168,"column":18}},"62":{"start":{"line":170,"column":4},"end":{"line":170,"column":41}},"63":{"start":{"line":177,"column":21},"end":{"line":188,"column":1}},"64":{"start":{"line":178,"column":2},"end":{"line":187,"column":3}},"65":{"start":{"line":180,"column":15},"end":{"line":180,"column":28}},"66":{"start":{"line":181,"column":19},"end":{"line":181,"column":87}},"67":{"start":{"line":183,"column":4},"end":{"line":183,"column":52}},"68":{"start":{"line":184,"column":4},"end":{"line":184,"column":18}},"69":{"start":{"line":186,"column":4},"end":{"line":186,"column":41}},"70":{"start":{"line":193,"column":20},"end":{"line":203,"column":1}},"71":{"start":{"line":194,"column":2},"end":{"line":202,"column":3}},"72":{"start":{"line":196,"column":15},"end":{"line":196,"column":28}},"73":{"start":{"line":197,"column":19},"end":{"line":197,"column":67}},"74":{"start":{"line":198,"column":4},"end":{"line":198,"column":60}},"75":{"start":{"line":199,"column":4},"end":{"line":199,"column":18}},"76":{"start":{"line":201,"column":4},"end":{"line":201,"column":41}},"77":{"start":{"line":208,"column":20},"end":{"line":221,"column":1}},"78":{"start":{"line":209,"column":2},"end":{"line":220,"column":3}},"79":{"start":{"line":211,"column":15},"end":{"line":211,"column":28}},"80":{"start":{"line":212,"column":19},"end":{"line":215,"column":5}},"81":{"start":{"line":216,"column":4},"end":{"line":216,"column":85}},"82":{"start":{"line":217,"column":4},"end":{"line":217,"column":18}},"83":{"start":{"line":219,"column":4},"end":{"line":219,"column":41}},"84":{"start":{"line":226,"column":24},"end":{"line":239,"column":1}},"85":{"start":{"line":227,"column":2},"end":{"line":238,"column":3}},"86":{"start":{"line":229,"column":15},"end":{"line":229,"column":28}},"87":{"start":{"line":230,"column":19},"end":{"line":232,"column":5}},"88":{"start":{"line":234,"column":4},"end":{"line":234,"column":60}},"89":{"start":{"line":235,"column":4},"end":{"line":235,"column":18}},"90":{"start":{"line":237,"column":4},"end":{"line":237,"column":41}},"91":{"start":{"line":241,"column":0},"end":{"line":254,"column":2}}},"fnMap":{"0":{"name":"(anonymous_0)","decl":{"start":{"line":27,"column":16},"end":{"line":27,"column":17}},"loc":{"start":{"line":27,"column":28},"end":{"line":40,"column":1}},"line":27},"1":{"name":"(anonymous_1)","decl":{"start":{"line":46,"column":14},"end":{"line":46,"column":15}},"loc":{"start":{"line":46,"column":26},"end":{"line":52,"column":1}},"line":46},"2":{"name":"(anonymous_2)","decl":{"start":{"line":58,"column":31},"end":{"line":58,"column":32}},"loc":{"start":{"line":58,"column":43},"end":{"line":60,"column":1}},"line":58},"3":{"name":"(anonymous_3)","decl":{"start":{"line":65,"column":20},"end":{"line":65,"column":21}},"loc":{"start":{"line":65,"column":32},"end":{"line":76,"column":1}},"line":65},"4":{"name":"(anonymous_4)","decl":{"start":{"line":81,"column":20},"end":{"line":81,"column":21}},"loc":{"start":{"line":81,"column":38},"end":{"line":92,"column":1}},"line":81},"5":{"name":"(anonymous_5)","decl":{"start":{"line":97,"column":19},"end":{"line":97,"column":20}},"loc":{"start":{"line":97,"column":38},"end":{"line":106,"column":1}},"line":97},"6":{"name":"(anonymous_6)","decl":{"start":{"line":111,"column":19},"end":{"line":111,"column":20}},"loc":{"start":{"line":111,"column":46},"end":{"line":123,"column":1}},"line":111},"7":{"name":"(anonymous_7)","decl":{"start":{"line":128,"column":23},"end":{"line":128,"column":24}},"loc":{"start":{"line":128,"column":46},"end":{"line":138,"column":1}},"line":128},"8":{"name":"(anonymous_8)","decl":{"start":{"line":143,"column":19},"end":{"line":143,"column":20}},"loc":{"start":{"line":143,"column":37},"end":{"line":156,"column":1}},"line":143},"9":{"name":"(anonymous_9)","decl":{"start":{"line":161,"column":21},"end":{"line":161,"column":22}},"loc":{"start":{"line":161,"column":33},"end":{"line":172,"column":1}},"line":161},"10":{"name":"(anonymous_10)","decl":{"start":{"line":177,"column":21},"end":{"line":177,"column":22}},"loc":{"start":{"line":177,"column":40},"end":{"line":188,"column":1}},"line":177},"11":{"name":"(anonymous_11)","decl":{"start":{"line":193,"column":20},"end":{"line":193,"column":21}},"loc":{"start":{"line":193,"column":40},"end":{"line":203,"column":1}},"line":193},"12":{"name":"(anonymous_12)","decl":{"start":{"line":208,"column":20},"end":{"line":208,"column":21}},"loc":{"start":{"line":208,"column":49},"end":{"line":221,"column":1}},"line":208},"13":{"name":"(anonymous_13)","decl":{"start":{"line":226,"column":24},"end":{"line":226,"column":25}},"loc":{"start":{"line":226,"column":43},"end":{"line":239,"column":1}},"line":226}},"branchMap":{"0":{"loc":{"start":{"line":48,"column":2},"end":{"line":50,"column":3}},"type":"if","locations":[{"start":{"line":48,"column":2},"end":{"line":50,"column":3}},{"start":{},"end":{}}],"line":48},"1":{"loc":{"start":{"line":131,"column":4},"end":{"line":133,"column":5}},"type":"if","locations":[{"start":{"line":131,"column":4},"end":{"line":133,"column":5}},{"start":{},"end":{}}],"line":131}},"s":{"0":4,"1":4,"2":4,"3":4,"4":9,"5":9,"6":9,"7":9,"8":0,"9":4,"10":9,"11":0,"12":9,"13":4,"14":7,"15":4,"16":1,"17":1,"18":1,"19":1,"20":1,"21":0,"22":4,"23":0,"24":0,"25":0,"26":0,"27":0,"28":0,"29":4,"30":1,"31":1,"32":1,"33":1,"34":1,"35":0,"36":4,"37":1,"38":1,"39":1,"40":1,"41":0,"42":4,"43":0,"44":0,"45":0,"46":0,"47":0,"48":0,"49":4,"50":1,"51":1,"52":1,"53":1,"54":1,"55":0,"56":4,"57":1,"58":1,"59":1,"60":1,"61":1,"62":0,"63":4,"64":1,"65":1,"66":1,"67":1,"68":1,"69":0,"70":4,"71":1,"72":1,"73":1,"74":1,"75":1,"76":0,"77":4,"78":1,"79":1,"80":1,"81":1,"82":1,"83":0,"84":4,"85":1,"86":1,"87":1,"88":1,"89":1,"90":0,"91":4},"f":{"0":9,"1":9,"2":7,"3":1,"4":0,"5":1,"6":1,"7":0,"8":1,"9":1,"10":1,"11":1,"12":1,"13":1},"b":{"0":[0,9],"1":[0,0]},"_coverageSchema":"1a1c01bbd47fc00a2c39e90264f33305004495a9","hash":"0862a439412972d600b7ef5de655c5aa76f4709d"}
,"/Users/nickywong/Documents/GitHub/project-penn-buddy/server/server.js": {"path":"/Users/nickywong/Documents/GitHub/project-penn-buddy/server/server.js","statementMap":{"0":{"start":{"line":7,"column":16},"end":{"line":7,"column":34}},"1":{"start":{"line":10,"column":13},"end":{"line":10,"column":28}},"2":{"start":{"line":13,"column":21},"end":{"line":13,"column":39}},"3":{"start":{"line":16,"column":15},"end":{"line":16,"column":24}},"4":{"start":{"line":19,"column":0},"end":{"line":19,"column":19}},"5":{"start":{"line":22,"column":19},"end":{"line":22,"column":41}},"6":{"start":{"line":24,"column":0},"end":{"line":24,"column":30}},"7":{"start":{"line":27,"column":0},"end":{"line":27,"column":51}},"8":{"start":{"line":30,"column":14},"end":{"line":30,"column":39}},"9":{"start":{"line":33,"column":0},"end":{"line":35,"column":3}},"10":{"start":{"line":34,"column":2},"end":{"line":34,"column":71}},"11":{"start":{"line":41,"column":0},"end":{"line":51,"column":3}},"12":{"start":{"line":42,"column":2},"end":{"line":50,"column":3}},"13":{"start":{"line":44,"column":17},"end":{"line":44,"column":42}},"14":{"start":{"line":46,"column":4},"end":{"line":46,"column":42}},"15":{"start":{"line":49,"column":4},"end":{"line":49,"column":61}},"16":{"start":{"line":77,"column":0},"end":{"line":138,"column":3}},"17":{"start":{"line":78,"column":2},"end":{"line":78,"column":28}},"18":{"start":{"line":79,"column":2},"end":{"line":79,"column":57}},"19":{"start":{"line":117,"column":2},"end":{"line":137,"column":3}},"20":{"start":{"line":118,"column":20},"end":{"line":129,"column":5}},"21":{"start":{"line":130,"column":19},"end":{"line":130,"column":50}},"22":{"start":{"line":134,"column":4},"end":{"line":134,"column":79}},"23":{"start":{"line":136,"column":4},"end":{"line":136,"column":58}},"24":{"start":{"line":143,"column":0},"end":{"line":157,"column":3}},"25":{"start":{"line":144,"column":2},"end":{"line":144,"column":34}},"26":{"start":{"line":145,"column":2},"end":{"line":156,"column":3}},"27":{"start":{"line":147,"column":20},"end":{"line":147,"column":58}},"28":{"start":{"line":148,"column":4},"end":{"line":151,"column":5}},"29":{"start":{"line":149,"column":6},"end":{"line":149,"column":54}},"30":{"start":{"line":150,"column":6},"end":{"line":150,"column":13}},"31":{"start":{"line":153,"column":4},"end":{"line":153,"column":44}},"32":{"start":{"line":155,"column":4},"end":{"line":155,"column":57}},"33":{"start":{"line":163,"column":0},"end":{"line":173,"column":3}},"34":{"start":{"line":164,"column":2},"end":{"line":172,"column":3}},"35":{"start":{"line":166,"column":17},"end":{"line":166,"column":43}},"36":{"start":{"line":168,"column":4},"end":{"line":168,"column":42}},"37":{"start":{"line":171,"column":4},"end":{"line":171,"column":61}},"38":{"start":{"line":179,"column":0},"end":{"line":193,"column":3}},"39":{"start":{"line":180,"column":2},"end":{"line":180,"column":35}},"40":{"start":{"line":181,"column":2},"end":{"line":192,"column":3}},"41":{"start":{"line":183,"column":20},"end":{"line":183,"column":59}},"42":{"start":{"line":184,"column":4},"end":{"line":187,"column":5}},"43":{"start":{"line":185,"column":6},"end":{"line":185,"column":55}},"44":{"start":{"line":186,"column":6},"end":{"line":186,"column":13}},"45":{"start":{"line":189,"column":4},"end":{"line":189,"column":44}},"46":{"start":{"line":191,"column":4},"end":{"line":191,"column":57}},"47":{"start":{"line":199,"column":0},"end":{"line":220,"column":3}},"48":{"start":{"line":200,"column":2},"end":{"line":200,"column":32}},"49":{"start":{"line":201,"column":2},"end":{"line":201,"column":56}},"50":{"start":{"line":202,"column":23},"end":{"line":211,"column":3}},"51":{"start":{"line":210,"column":53},"end":{"line":210,"column":68}},"52":{"start":{"line":212,"column":2},"end":{"line":219,"column":3}},"53":{"start":{"line":213,"column":19},"end":{"line":213,"column":71}},"54":{"start":{"line":214,"column":4},"end":{"line":214,"column":46}},"55":{"start":{"line":216,"column":4},"end":{"line":216,"column":46}},"56":{"start":{"line":218,"column":4},"end":{"line":218,"column":57}},"57":{"start":{"line":226,"column":0},"end":{"line":246,"column":3}},"58":{"start":{"line":227,"column":2},"end":{"line":227,"column":32}},"59":{"start":{"line":228,"column":2},"end":{"line":228,"column":54}},"60":{"start":{"line":229,"column":2},"end":{"line":245,"column":3}},"61":{"start":{"line":230,"column":21},"end":{"line":239,"column":5}},"62":{"start":{"line":238,"column":55},"end":{"line":238,"column":70}},"63":{"start":{"line":240,"column":19},"end":{"line":240,"column":52}},"64":{"start":{"line":242,"column":4},"end":{"line":242,"column":46}},"65":{"start":{"line":244,"column":4},"end":{"line":244,"column":57}},"66":{"start":{"line":252,"column":0},"end":{"line":274,"column":3}},"67":{"start":{"line":253,"column":2},"end":{"line":253,"column":31}},"68":{"start":{"line":254,"column":2},"end":{"line":254,"column":55}},"69":{"start":{"line":255,"column":22},"end":{"line":266,"column":3}},"70":{"start":{"line":267,"column":2},"end":{"line":273,"column":3}},"71":{"start":{"line":268,"column":19},"end":{"line":268,"column":69}},"72":{"start":{"line":270,"column":4},"end":{"line":270,"column":46}},"73":{"start":{"line":272,"column":4},"end":{"line":272,"column":57}},"74":{"start":{"line":279,"column":0},"end":{"line":291,"column":3}},"75":{"start":{"line":280,"column":2},"end":{"line":290,"column":3}},"76":{"start":{"line":281,"column":19},"end":{"line":281,"column":61}},"77":{"start":{"line":282,"column":4},"end":{"line":285,"column":5}},"78":{"start":{"line":283,"column":6},"end":{"line":283,"column":65}},"79":{"start":{"line":284,"column":6},"end":{"line":284,"column":13}},"80":{"start":{"line":287,"column":4},"end":{"line":287,"column":46}},"81":{"start":{"line":289,"column":4},"end":{"line":289,"column":57}},"82":{"start":{"line":296,"column":0},"end":{"line":308,"column":3}},"83":{"start":{"line":297,"column":2},"end":{"line":307,"column":3}},"84":{"start":{"line":298,"column":19},"end":{"line":298,"column":56}},"85":{"start":{"line":299,"column":4},"end":{"line":302,"column":5}},"86":{"start":{"line":300,"column":6},"end":{"line":300,"column":64}},"87":{"start":{"line":301,"column":6},"end":{"line":301,"column":13}},"88":{"start":{"line":304,"column":4},"end":{"line":304,"column":46}},"89":{"start":{"line":306,"column":4},"end":{"line":306,"column":57}},"90":{"start":{"line":311,"column":0},"end":{"line":311,"column":24}}},"fnMap":{"0":{"name":"(anonymous_0)","decl":{"start":{"line":33,"column":16},"end":{"line":33,"column":17}},"loc":{"start":{"line":33,"column":30},"end":{"line":35,"column":1}},"line":33},"1":{"name":"(anonymous_1)","decl":{"start":{"line":41,"column":20},"end":{"line":41,"column":21}},"loc":{"start":{"line":41,"column":41},"end":{"line":51,"column":1}},"line":41},"2":{"name":"(anonymous_2)","decl":{"start":{"line":77,"column":21},"end":{"line":77,"column":22}},"loc":{"start":{"line":77,"column":41},"end":{"line":138,"column":1}},"line":77},"3":{"name":"(anonymous_3)","decl":{"start":{"line":143,"column":24},"end":{"line":143,"column":25}},"loc":{"start":{"line":143,"column":44},"end":{"line":157,"column":1}},"line":143},"4":{"name":"(anonymous_4)","decl":{"start":{"line":163,"column":21},"end":{"line":163,"column":22}},"loc":{"start":{"line":163,"column":42},"end":{"line":173,"column":1}},"line":163},"5":{"name":"(anonymous_5)","decl":{"start":{"line":179,"column":25},"end":{"line":179,"column":26}},"loc":{"start":{"line":179,"column":45},"end":{"line":193,"column":1}},"line":179},"6":{"name":"(anonymous_6)","decl":{"start":{"line":199,"column":25},"end":{"line":199,"column":26}},"loc":{"start":{"line":199,"column":45},"end":{"line":220,"column":1}},"line":199},"7":{"name":"(anonymous_7)","decl":{"start":{"line":210,"column":46},"end":{"line":210,"column":47}},"loc":{"start":{"line":210,"column":53},"end":{"line":210,"column":68}},"line":210},"8":{"name":"(anonymous_8)","decl":{"start":{"line":226,"column":22},"end":{"line":226,"column":23}},"loc":{"start":{"line":226,"column":42},"end":{"line":246,"column":1}},"line":226},"9":{"name":"(anonymous_9)","decl":{"start":{"line":238,"column":48},"end":{"line":238,"column":49}},"loc":{"start":{"line":238,"column":55},"end":{"line":238,"column":70}},"line":238},"10":{"name":"(anonymous_10)","decl":{"start":{"line":252,"column":24},"end":{"line":252,"column":25}},"loc":{"start":{"line":252,"column":44},"end":{"line":274,"column":1}},"line":252},"11":{"name":"(anonymous_11)","decl":{"start":{"line":279,"column":28},"end":{"line":279,"column":29}},"loc":{"start":{"line":279,"column":48},"end":{"line":291,"column":1}},"line":279},"12":{"name":"(anonymous_12)","decl":{"start":{"line":296,"column":27},"end":{"line":296,"column":28}},"loc":{"start":{"line":296,"column":47},"end":{"line":308,"column":1}},"line":296}},"branchMap":{"0":{"loc":{"start":{"line":148,"column":4},"end":{"line":151,"column":5}},"type":"if","locations":[{"start":{"line":148,"column":4},"end":{"line":151,"column":5}},{"start":{},"end":{}}],"line":148},"1":{"loc":{"start":{"line":184,"column":4},"end":{"line":187,"column":5}},"type":"if","locations":[{"start":{"line":184,"column":4},"end":{"line":187,"column":5}},{"start":{},"end":{}}],"line":184},"2":{"loc":{"start":{"line":282,"column":4},"end":{"line":285,"column":5}},"type":"if","locations":[{"start":{"line":282,"column":4},"end":{"line":285,"column":5}},{"start":{},"end":{}}],"line":282},"3":{"loc":{"start":{"line":299,"column":4},"end":{"line":302,"column":5}},"type":"if","locations":[{"start":{"line":299,"column":4},"end":{"line":302,"column":5}},{"start":{},"end":{}}],"line":299}},"s":{"0":4,"1":4,"2":4,"3":4,"4":4,"5":4,"6":4,"7":4,"8":4,"9":4,"10":0,"11":4,"12":1,"13":1,"14":1,"15":0,"16":4,"17":1,"18":1,"19":1,"20":1,"21":1,"22":1,"23":0,"24":4,"25":0,"26":0,"27":0,"28":0,"29":0,"30":0,"31":0,"32":0,"33":4,"34":1,"35":1,"36":1,"37":0,"38":4,"39":1,"40":1,"41":1,"42":1,"43":0,"44":0,"45":1,"46":0,"47":4,"48":1,"49":1,"50":1,"51":1,"52":1,"53":1,"54":1,"55":1,"56":0,"57":4,"58":1,"59":1,"60":1,"61":1,"62":1,"63":1,"64":1,"65":0,"66":4,"67":1,"68":1,"69":1,"70":1,"71":1,"72":1,"73":0,"74":4,"75":1,"76":1,"77":1,"78":0,"79":0,"80":1,"81":0,"82":4,"83":1,"84":1,"85":1,"86":0,"87":0,"88":1,"89":0,"90":4},"f":{"0":0,"1":1,"2":1,"3":0,"4":1,"5":1,"6":1,"7":1,"8":1,"9":1,"10":1,"11":1,"12":1},"b":{"0":[0,0],"1":[0,1],"2":[0,1],"3":[0,1]},"_coverageSchema":"1a1c01bbd47fc00a2c39e90264f33305004495a9","hash":"f875627a68fe5675238f356dcc3ff400bbcde6e0"}
,"/Users/nickywong/Documents/GitHub/project-penn-buddy/server/tests/testUtils.js": {"path":"/Users/nickywong/Documents/GitHub/project-penn-buddy/server/tests/testUtils.js","statementMap":{"0":{"start":{"line":9,"column":21},"end":{"line":9,"column":39}},"1":{"start":{"line":17,"column":27},"end":{"line":25,"column":1}},"2":{"start":{"line":18,"column":2},"end":{"line":24,"column":3}},"3":{"start":{"line":19,"column":19},"end":{"line":19,"column":70}},"4":{"start":{"line":20,"column":4},"end":{"line":20,"column":50}},"5":{"start":{"line":21,"column":4},"end":{"line":21,"column":29}},"6":{"start":{"line":23,"column":4},"end":{"line":23,"column":38}},"7":{"start":{"line":33,"column":29},"end":{"line":45,"column":1}},"8":{"start":{"line":34,"column":2},"end":{"line":44,"column":3}},"9":{"start":{"line":35,"column":19},"end":{"line":35,"column":81}},"10":{"start":{"line":36,"column":29},"end":{"line":36,"column":35}},"11":{"start":{"line":37,"column":4},"end":{"line":41,"column":5}},"12":{"start":{"line":38,"column":6},"end":{"line":38,"column":60}},"13":{"start":{"line":40,"column":6},"end":{"line":40,"column":58}},"14":{"start":{"line":43,"column":4},"end":{"line":43,"column":38}},"15":{"start":{"line":47,"column":34},"end":{"line":59,"column":1}},"16":{"start":{"line":48,"column":2},"end":{"line":58,"column":3}},"17":{"start":{"line":49,"column":19},"end":{"line":49,"column":89}},"18":{"start":{"line":50,"column":29},"end":{"line":50,"column":35}},"19":{"start":{"line":51,"column":4},"end":{"line":55,"column":5}},"20":{"start":{"line":52,"column":6},"end":{"line":52,"column":60}},"21":{"start":{"line":54,"column":6},"end":{"line":54,"column":58}},"22":{"start":{"line":57,"column":4},"end":{"line":57,"column":38}},"23":{"start":{"line":63,"column":17},"end":{"line":79,"column":1}},"24":{"start":{"line":83,"column":18},"end":{"line":94,"column":1}},"25":{"start":{"line":104,"column":18},"end":{"line":112,"column":1}},"26":{"start":{"line":105,"column":14},"end":{"line":105,"column":19}},"27":{"start":{"line":106,"column":2},"end":{"line":110,"column":5}},"28":{"start":{"line":107,"column":4},"end":{"line":109,"column":5}},"29":{"start":{"line":108,"column":6},"end":{"line":108,"column":19}},"30":{"start":{"line":111,"column":2},"end":{"line":111,"column":15}},"31":{"start":{"line":115,"column":0},"end":{"line":122,"column":2}}},"fnMap":{"0":{"name":"(anonymous_0)","decl":{"start":{"line":17,"column":27},"end":{"line":17,"column":28}},"loc":{"start":{"line":17,"column":63},"end":{"line":25,"column":1}},"line":17},"1":{"name":"(anonymous_1)","decl":{"start":{"line":33,"column":29},"end":{"line":33,"column":30}},"loc":{"start":{"line":33,"column":65},"end":{"line":45,"column":1}},"line":33},"2":{"name":"(anonymous_2)","decl":{"start":{"line":47,"column":34},"end":{"line":47,"column":35}},"loc":{"start":{"line":47,"column":74},"end":{"line":59,"column":1}},"line":47},"3":{"name":"(anonymous_3)","decl":{"start":{"line":104,"column":18},"end":{"line":104,"column":19}},"loc":{"start":{"line":104,"column":32},"end":{"line":112,"column":1}},"line":104},"4":{"name":"(anonymous_4)","decl":{"start":{"line":106,"column":10},"end":{"line":106,"column":11}},"loc":{"start":{"line":106,"column":17},"end":{"line":110,"column":3}},"line":106}},"branchMap":{"0":{"loc":{"start":{"line":37,"column":4},"end":{"line":41,"column":5}},"type":"if","locations":[{"start":{"line":37,"column":4},"end":{"line":41,"column":5}},{"start":{"line":39,"column":11},"end":{"line":41,"column":5}}],"line":37},"1":{"loc":{"start":{"line":51,"column":4},"end":{"line":55,"column":5}},"type":"if","locations":[{"start":{"line":51,"column":4},"end":{"line":55,"column":5}},{"start":{"line":53,"column":11},"end":{"line":55,"column":5}}],"line":51},"2":{"loc":{"start":{"line":107,"column":4},"end":{"line":109,"column":5}},"type":"if","locations":[{"start":{"line":107,"column":4},"end":{"line":109,"column":5}},{"start":{},"end":{}}],"line":107}},"s":{"0":4,"1":4,"2":14,"3":14,"4":14,"5":14,"6":0,"7":4,"8":7,"9":7,"10":7,"11":7,"12":6,"13":1,"14":0,"15":4,"16":7,"17":7,"18":7,"19":7,"20":6,"21":1,"22":0,"23":4,"24":4,"25":4,"26":4,"27":4,"28":44,"29":4,"30":4,"31":4},"f":{"0":14,"1":7,"2":7,"3":4,"4":44},"b":{"0":[6,1],"1":[6,1],"2":[4,40]},"_coverageSchema":"1a1c01bbd47fc00a2c39e90264f33305004495a9","hash":"09be346fd5549e85fd227dfa38eea01c9a65a8b0"}
}
