{"/Users/gracethanglerdsumpan/project-penn-buddy/server/DbOperations.js": {"path":"/Users/gracethanglerdsumpan/project-penn-buddy/server/DbOperations.js","statementMap":{"0":{"start":{"line":12,"column":24},"end":{"line":12,"column":42}},"1":{"start":{"line":15,"column":21},"end":{"line":15,"column":39}},"2":{"start":{"line":18,"column":14},"end":{"line":18,"column":127}},"3":{"start":{"line":27,"column":16},"end":{"line":40,"column":1}},"4":{"start":{"line":29,"column":2},"end":{"line":39,"column":3}},"5":{"start":{"line":30,"column":4},"end":{"line":33,"column":7}},"6":{"start":{"line":36,"column":4},"end":{"line":36,"column":27}},"7":{"start":{"line":38,"column":4},"end":{"line":38,"column":38}},"8":{"start":{"line":46,"column":14},"end":{"line":52,"column":1}},"9":{"start":{"line":48,"column":2},"end":{"line":50,"column":3}},"10":{"start":{"line":49,"column":4},"end":{"line":49,"column":20}},"11":{"start":{"line":51,"column":2},"end":{"line":51,"column":30}},"12":{"start":{"line":58,"column":31},"end":{"line":60,"column":1}},"13":{"start":{"line":59,"column":2},"end":{"line":59,"column":32}},"14":{"start":{"line":65,"column":20},"end":{"line":76,"column":1}},"15":{"start":{"line":66,"column":2},"end":{"line":75,"column":3}},"16":{"start":{"line":68,"column":15},"end":{"line":68,"column":28}},"17":{"start":{"line":69,"column":19},"end":{"line":69,"column":65}},"18":{"start":{"line":72,"column":4},"end":{"line":72,"column":18}},"19":{"start":{"line":74,"column":4},"end":{"line":74,"column":41}},"20":{"start":{"line":81,"column":20},"end":{"line":92,"column":1}},"21":{"start":{"line":82,"column":2},"end":{"line":91,"column":3}},"22":{"start":{"line":84,"column":15},"end":{"line":84,"column":28}},"23":{"start":{"line":85,"column":19},"end":{"line":85,"column":85}},"24":{"start":{"line":87,"column":4},"end":{"line":87,"column":51}},"25":{"start":{"line":88,"column":4},"end":{"line":88,"column":18}},"26":{"start":{"line":90,"column":4},"end":{"line":90,"column":41}},"27":{"start":{"line":97,"column":19},"end":{"line":106,"column":1}},"28":{"start":{"line":98,"column":2},"end":{"line":105,"column":3}},"29":{"start":{"line":99,"column":15},"end":{"line":99,"column":28}},"30":{"start":{"line":100,"column":19},"end":{"line":100,"column":59}},"31":{"start":{"line":101,"column":4},"end":{"line":101,"column":59}},"32":{"start":{"line":102,"column":4},"end":{"line":102,"column":18}},"33":{"start":{"line":104,"column":4},"end":{"line":104,"column":41}},"34":{"start":{"line":111,"column":19},"end":{"line":123,"column":1}},"35":{"start":{"line":112,"column":2},"end":{"line":122,"column":3}},"36":{"start":{"line":114,"column":15},"end":{"line":114,"column":28}},"37":{"start":{"line":115,"column":19},"end":{"line":118,"column":5}},"38":{"start":{"line":119,"column":4},"end":{"line":119,"column":18}},"39":{"start":{"line":121,"column":4},"end":{"line":121,"column":41}},"40":{"start":{"line":128,"column":23},"end":{"line":138,"column":1}},"41":{"start":{"line":129,"column":2},"end":{"line":137,"column":3}},"42":{"start":{"line":130,"column":19},"end":{"line":130,"column":82}},"43":{"start":{"line":131,"column":4},"end":{"line":133,"column":5}},"44":{"start":{"line":132,"column":6},"end":{"line":132,"column":19}},"45":{"start":{"line":134,"column":4},"end":{"line":134,"column":16}},"46":{"start":{"line":136,"column":4},"end":{"line":136,"column":48}},"47":{"start":{"line":143,"column":19},"end":{"line":156,"column":1}},"48":{"start":{"line":144,"column":2},"end":{"line":155,"column":3}},"49":{"start":{"line":146,"column":15},"end":{"line":146,"column":28}},"50":{"start":{"line":147,"column":19},"end":{"line":149,"column":5}},"51":{"start":{"line":151,"column":4},"end":{"line":151,"column":59}},"52":{"start":{"line":152,"column":4},"end":{"line":152,"column":18}},"53":{"start":{"line":154,"column":4},"end":{"line":154,"column":41}},"54":{"start":{"line":161,"column":21},"end":{"line":172,"column":1}},"55":{"start":{"line":162,"column":2},"end":{"line":171,"column":3}},"56":{"start":{"line":164,"column":15},"end":{"line":164,"column":28}},"57":{"start":{"line":165,"column":19},"end":{"line":165,"column":66}},"58":{"start":{"line":167,"column":4},"end":{"line":167,"column":53}},"59":{"start":{"line":168,"column":4},"end":{"line":168,"column":18}},"60":{"start":{"line":170,"column":4},"end":{"line":170,"column":41}},"61":{"start":{"line":177,"column":21},"end":{"line":188,"column":1}},"62":{"start":{"line":178,"column":2},"end":{"line":187,"column":3}},"63":{"start":{"line":180,"column":15},"end":{"line":180,"column":28}},"64":{"start":{"line":181,"column":19},"end":{"line":181,"column":87}},"65":{"start":{"line":184,"column":4},"end":{"line":184,"column":18}},"66":{"start":{"line":186,"column":4},"end":{"line":186,"column":41}},"67":{"start":{"line":193,"column":20},"end":{"line":203,"column":1}},"68":{"start":{"line":194,"column":2},"end":{"line":202,"column":3}},"69":{"start":{"line":196,"column":15},"end":{"line":196,"column":28}},"70":{"start":{"line":197,"column":19},"end":{"line":197,"column":67}},"71":{"start":{"line":198,"column":4},"end":{"line":198,"column":60}},"72":{"start":{"line":199,"column":4},"end":{"line":199,"column":18}},"73":{"start":{"line":201,"column":4},"end":{"line":201,"column":41}},"74":{"start":{"line":208,"column":20},"end":{"line":221,"column":1}},"75":{"start":{"line":209,"column":2},"end":{"line":220,"column":3}},"76":{"start":{"line":211,"column":15},"end":{"line":211,"column":28}},"77":{"start":{"line":212,"column":19},"end":{"line":215,"column":5}},"78":{"start":{"line":216,"column":4},"end":{"line":216,"column":85}},"79":{"start":{"line":217,"column":4},"end":{"line":217,"column":18}},"80":{"start":{"line":219,"column":4},"end":{"line":219,"column":41}},"81":{"start":{"line":226,"column":24},"end":{"line":239,"column":1}},"82":{"start":{"line":227,"column":2},"end":{"line":238,"column":3}},"83":{"start":{"line":229,"column":15},"end":{"line":229,"column":28}},"84":{"start":{"line":230,"column":19},"end":{"line":232,"column":5}},"85":{"start":{"line":234,"column":4},"end":{"line":234,"column":60}},"86":{"start":{"line":235,"column":4},"end":{"line":235,"column":18}},"87":{"start":{"line":237,"column":4},"end":{"line":237,"column":41}},"88":{"start":{"line":246,"column":24},"end":{"line":257,"column":1}},"89":{"start":{"line":247,"column":2},"end":{"line":256,"column":3}},"90":{"start":{"line":249,"column":15},"end":{"line":249,"column":28}},"91":{"start":{"line":250,"column":19},"end":{"line":250,"column":69}},"92":{"start":{"line":252,"column":4},"end":{"line":252,"column":55}},"93":{"start":{"line":253,"column":4},"end":{"line":253,"column":18}},"94":{"start":{"line":255,"column":4},"end":{"line":255,"column":41}},"95":{"start":{"line":262,"column":24},"end":{"line":273,"column":1}},"96":{"start":{"line":263,"column":2},"end":{"line":272,"column":3}},"97":{"start":{"line":265,"column":15},"end":{"line":265,"column":28}},"98":{"start":{"line":266,"column":19},"end":{"line":266,"column":89}},"99":{"start":{"line":269,"column":4},"end":{"line":269,"column":18}},"100":{"start":{"line":271,"column":4},"end":{"line":271,"column":41}},"101":{"start":{"line":297,"column":23},"end":{"line":311,"column":1}},"102":{"start":{"line":298,"column":2},"end":{"line":310,"column":3}},"103":{"start":{"line":300,"column":15},"end":{"line":300,"column":28}},"104":{"start":{"line":301,"column":4},"end":{"line":301,"column":37}},"105":{"start":{"line":302,"column":4},"end":{"line":302,"column":40}},"106":{"start":{"line":303,"column":19},"end":{"line":306,"column":5}},"107":{"start":{"line":307,"column":4},"end":{"line":307,"column":18}},"108":{"start":{"line":309,"column":4},"end":{"line":309,"column":41}},"109":{"start":{"line":316,"column":23},"end":{"line":329,"column":1}},"110":{"start":{"line":317,"column":2},"end":{"line":328,"column":3}},"111":{"start":{"line":319,"column":15},"end":{"line":319,"column":28}},"112":{"start":{"line":320,"column":19},"end":{"line":322,"column":5}},"113":{"start":{"line":324,"column":4},"end":{"line":324,"column":60}},"114":{"start":{"line":325,"column":4},"end":{"line":325,"column":18}},"115":{"start":{"line":327,"column":4},"end":{"line":327,"column":41}},"116":{"start":{"line":337,"column":26},"end":{"line":348,"column":1}},"117":{"start":{"line":339,"column":2},"end":{"line":347,"column":3}},"118":{"start":{"line":340,"column":4},"end":{"line":340,"column":45}},"119":{"start":{"line":341,"column":15},"end":{"line":341,"column":28}},"120":{"start":{"line":342,"column":19},"end":{"line":342,"column":73}},"121":{"start":{"line":343,"column":4},"end":{"line":343,"column":63}},"122":{"start":{"line":344,"column":4},"end":{"line":344,"column":18}},"123":{"start":{"line":346,"column":4},"end":{"line":346,"column":41}},"124":{"start":{"line":350,"column":0},"end":{"line":370,"column":2}}},"fnMap":{"0":{"name":"(anonymous_0)","decl":{"start":{"line":27,"column":16},"end":{"line":27,"column":17}},"loc":{"start":{"line":27,"column":28},"end":{"line":40,"column":1}},"line":27},"1":{"name":"(anonymous_1)","decl":{"start":{"line":46,"column":14},"end":{"line":46,"column":15}},"loc":{"start":{"line":46,"column":26},"end":{"line":52,"column":1}},"line":46},"2":{"name":"(anonymous_2)","decl":{"start":{"line":58,"column":31},"end":{"line":58,"column":32}},"loc":{"start":{"line":58,"column":43},"end":{"line":60,"column":1}},"line":58},"3":{"name":"(anonymous_3)","decl":{"start":{"line":65,"column":20},"end":{"line":65,"column":21}},"loc":{"start":{"line":65,"column":32},"end":{"line":76,"column":1}},"line":65},"4":{"name":"(anonymous_4)","decl":{"start":{"line":81,"column":20},"end":{"line":81,"column":21}},"loc":{"start":{"line":81,"column":38},"end":{"line":92,"column":1}},"line":81},"5":{"name":"(anonymous_5)","decl":{"start":{"line":97,"column":19},"end":{"line":97,"column":20}},"loc":{"start":{"line":97,"column":38},"end":{"line":106,"column":1}},"line":97},"6":{"name":"(anonymous_6)","decl":{"start":{"line":111,"column":19},"end":{"line":111,"column":20}},"loc":{"start":{"line":111,"column":46},"end":{"line":123,"column":1}},"line":111},"7":{"name":"(anonymous_7)","decl":{"start":{"line":128,"column":23},"end":{"line":128,"column":24}},"loc":{"start":{"line":128,"column":46},"end":{"line":138,"column":1}},"line":128},"8":{"name":"(anonymous_8)","decl":{"start":{"line":143,"column":19},"end":{"line":143,"column":20}},"loc":{"start":{"line":143,"column":37},"end":{"line":156,"column":1}},"line":143},"9":{"name":"(anonymous_9)","decl":{"start":{"line":161,"column":21},"end":{"line":161,"column":22}},"loc":{"start":{"line":161,"column":33},"end":{"line":172,"column":1}},"line":161},"10":{"name":"(anonymous_10)","decl":{"start":{"line":177,"column":21},"end":{"line":177,"column":22}},"loc":{"start":{"line":177,"column":40},"end":{"line":188,"column":1}},"line":177},"11":{"name":"(anonymous_11)","decl":{"start":{"line":193,"column":20},"end":{"line":193,"column":21}},"loc":{"start":{"line":193,"column":40},"end":{"line":203,"column":1}},"line":193},"12":{"name":"(anonymous_12)","decl":{"start":{"line":208,"column":20},"end":{"line":208,"column":21}},"loc":{"start":{"line":208,"column":49},"end":{"line":221,"column":1}},"line":208},"13":{"name":"(anonymous_13)","decl":{"start":{"line":226,"column":24},"end":{"line":226,"column":25}},"loc":{"start":{"line":226,"column":43},"end":{"line":239,"column":1}},"line":226},"14":{"name":"(anonymous_14)","decl":{"start":{"line":246,"column":24},"end":{"line":246,"column":25}},"loc":{"start":{"line":246,"column":36},"end":{"line":257,"column":1}},"line":246},"15":{"name":"(anonymous_15)","decl":{"start":{"line":262,"column":24},"end":{"line":262,"column":25}},"loc":{"start":{"line":262,"column":42},"end":{"line":273,"column":1}},"line":262},"16":{"name":"(anonymous_16)","decl":{"start":{"line":297,"column":23},"end":{"line":297,"column":24}},"loc":{"start":{"line":297,"column":50},"end":{"line":311,"column":1}},"line":297},"17":{"name":"(anonymous_17)","decl":{"start":{"line":316,"column":23},"end":{"line":316,"column":24}},"loc":{"start":{"line":316,"column":41},"end":{"line":329,"column":1}},"line":316},"18":{"name":"(anonymous_18)","decl":{"start":{"line":337,"column":26},"end":{"line":337,"column":27}},"loc":{"start":{"line":337,"column":49},"end":{"line":348,"column":1}},"line":337}},"branchMap":{"0":{"loc":{"start":{"line":48,"column":2},"end":{"line":50,"column":3}},"type":"if","locations":[{"start":{"line":48,"column":2},"end":{"line":50,"column":3}},{"start":{},"end":{}}],"line":48},"1":{"loc":{"start":{"line":131,"column":4},"end":{"line":133,"column":5}},"type":"if","locations":[{"start":{"line":131,"column":4},"end":{"line":133,"column":5}},{"start":{},"end":{}}],"line":131}},"s":{"0":4,"1":4,"2":4,"3":4,"4":15,"5":15,"6":15,"7":0,"8":4,"9":15,"10":0,"11":15,"12":4,"13":12,"14":4,"15":1,"16":1,"17":1,"18":1,"19":0,"20":4,"21":0,"22":0,"23":0,"24":0,"25":0,"26":0,"27":4,"28":1,"29":1,"30":1,"31":1,"32":1,"33":0,"34":4,"35":1,"36":1,"37":1,"38":1,"39":0,"40":4,"41":0,"42":0,"43":0,"44":0,"45":0,"46":0,"47":4,"48":1,"49":1,"50":1,"51":1,"52":1,"53":0,"54":4,"55":1,"56":1,"57":1,"58":1,"59":1,"60":0,"61":4,"62":1,"63":1,"64":1,"65":1,"66":0,"67":4,"68":1,"69":1,"70":1,"71":1,"72":1,"73":0,"74":4,"75":1,"76":1,"77":1,"78":1,"79":1,"80":0,"81":4,"82":1,"83":1,"84":1,"85":1,"86":1,"87":0,"88":4,"89":2,"90":2,"91":2,"92":2,"93":2,"94":0,"95":4,"96":1,"97":1,"98":1,"99":1,"100":0,"101":4,"102":1,"103":1,"104":1,"105":1,"106":1,"107":0,"108":1,"109":4,"110":1,"111":1,"112":1,"113":1,"114":1,"115":0,"116":4,"117":1,"118":1,"119":1,"120":1,"121":1,"122":1,"123":0,"124":4},"f":{"0":15,"1":15,"2":12,"3":1,"4":0,"5":1,"6":1,"7":0,"8":1,"9":1,"10":1,"11":1,"12":1,"13":1,"14":2,"15":1,"16":1,"17":1,"18":1},"b":{"0":[0,15],"1":[0,0]},"_coverageSchema":"1a1c01bbd47fc00a2c39e90264f33305004495a9","hash":"c14730578b72848ebb0c387e57d31f82be8af04c"}
,"/Users/gracethanglerdsumpan/project-penn-buddy/server/server.js": {"path":"/Users/gracethanglerdsumpan/project-penn-buddy/server/server.js","statementMap":{"0":{"start":{"line":7,"column":16},"end":{"line":7,"column":34}},"1":{"start":{"line":10,"column":13},"end":{"line":10,"column":28}},"2":{"start":{"line":13,"column":21},"end":{"line":13,"column":39}},"3":{"start":{"line":16,"column":15},"end":{"line":16,"column":24}},"4":{"start":{"line":19,"column":0},"end":{"line":19,"column":19}},"5":{"start":{"line":22,"column":19},"end":{"line":22,"column":41}},"6":{"start":{"line":24,"column":0},"end":{"line":24,"column":30}},"7":{"start":{"line":27,"column":0},"end":{"line":27,"column":51}},"8":{"start":{"line":30,"column":14},"end":{"line":30,"column":39}},"9":{"start":{"line":33,"column":0},"end":{"line":35,"column":3}},"10":{"start":{"line":34,"column":2},"end":{"line":34,"column":71}},"11":{"start":{"line":41,"column":0},"end":{"line":51,"column":3}},"12":{"start":{"line":42,"column":2},"end":{"line":50,"column":3}},"13":{"start":{"line":44,"column":17},"end":{"line":44,"column":42}},"14":{"start":{"line":46,"column":4},"end":{"line":46,"column":42}},"15":{"start":{"line":49,"column":4},"end":{"line":49,"column":61}},"16":{"start":{"line":77,"column":0},"end":{"line":138,"column":3}},"17":{"start":{"line":78,"column":2},"end":{"line":78,"column":28}},"18":{"start":{"line":79,"column":2},"end":{"line":79,"column":57}},"19":{"start":{"line":117,"column":2},"end":{"line":137,"column":3}},"20":{"start":{"line":118,"column":20},"end":{"line":129,"column":5}},"21":{"start":{"line":130,"column":19},"end":{"line":130,"column":50}},"22":{"start":{"line":134,"column":4},"end":{"line":134,"column":79}},"23":{"start":{"line":136,"column":4},"end":{"line":136,"column":58}},"24":{"start":{"line":143,"column":0},"end":{"line":157,"column":3}},"25":{"start":{"line":144,"column":2},"end":{"line":144,"column":34}},"26":{"start":{"line":145,"column":2},"end":{"line":156,"column":3}},"27":{"start":{"line":147,"column":20},"end":{"line":147,"column":58}},"28":{"start":{"line":148,"column":4},"end":{"line":151,"column":5}},"29":{"start":{"line":149,"column":6},"end":{"line":149,"column":54}},"30":{"start":{"line":150,"column":6},"end":{"line":150,"column":13}},"31":{"start":{"line":153,"column":4},"end":{"line":153,"column":44}},"32":{"start":{"line":155,"column":4},"end":{"line":155,"column":57}},"33":{"start":{"line":163,"column":0},"end":{"line":173,"column":3}},"34":{"start":{"line":164,"column":2},"end":{"line":172,"column":3}},"35":{"start":{"line":166,"column":17},"end":{"line":166,"column":43}},"36":{"start":{"line":168,"column":4},"end":{"line":168,"column":42}},"37":{"start":{"line":171,"column":4},"end":{"line":171,"column":61}},"38":{"start":{"line":179,"column":0},"end":{"line":193,"column":3}},"39":{"start":{"line":181,"column":2},"end":{"line":192,"column":3}},"40":{"start":{"line":183,"column":20},"end":{"line":183,"column":59}},"41":{"start":{"line":184,"column":4},"end":{"line":187,"column":5}},"42":{"start":{"line":185,"column":6},"end":{"line":185,"column":55}},"43":{"start":{"line":186,"column":6},"end":{"line":186,"column":13}},"44":{"start":{"line":189,"column":4},"end":{"line":189,"column":44}},"45":{"start":{"line":191,"column":4},"end":{"line":191,"column":57}},"46":{"start":{"line":199,"column":0},"end":{"line":220,"column":3}},"47":{"start":{"line":201,"column":2},"end":{"line":201,"column":56}},"48":{"start":{"line":202,"column":23},"end":{"line":211,"column":3}},"49":{"start":{"line":210,"column":53},"end":{"line":210,"column":68}},"50":{"start":{"line":212,"column":2},"end":{"line":219,"column":3}},"51":{"start":{"line":213,"column":19},"end":{"line":213,"column":71}},"52":{"start":{"line":214,"column":4},"end":{"line":214,"column":46}},"53":{"start":{"line":216,"column":4},"end":{"line":216,"column":46}},"54":{"start":{"line":218,"column":4},"end":{"line":218,"column":57}},"55":{"start":{"line":226,"column":0},"end":{"line":246,"column":3}},"56":{"start":{"line":227,"column":2},"end":{"line":227,"column":32}},"57":{"start":{"line":228,"column":2},"end":{"line":228,"column":54}},"58":{"start":{"line":229,"column":2},"end":{"line":245,"column":3}},"59":{"start":{"line":230,"column":21},"end":{"line":239,"column":5}},"60":{"start":{"line":238,"column":55},"end":{"line":238,"column":70}},"61":{"start":{"line":240,"column":19},"end":{"line":240,"column":52}},"62":{"start":{"line":242,"column":4},"end":{"line":242,"column":46}},"63":{"start":{"line":244,"column":4},"end":{"line":244,"column":57}},"64":{"start":{"line":252,"column":0},"end":{"line":274,"column":3}},"65":{"start":{"line":253,"column":2},"end":{"line":253,"column":31}},"66":{"start":{"line":254,"column":2},"end":{"line":254,"column":55}},"67":{"start":{"line":255,"column":22},"end":{"line":266,"column":3}},"68":{"start":{"line":267,"column":2},"end":{"line":273,"column":3}},"69":{"start":{"line":268,"column":19},"end":{"line":268,"column":69}},"70":{"start":{"line":270,"column":4},"end":{"line":270,"column":46}},"71":{"start":{"line":272,"column":4},"end":{"line":272,"column":57}},"72":{"start":{"line":279,"column":0},"end":{"line":291,"column":3}},"73":{"start":{"line":280,"column":2},"end":{"line":290,"column":3}},"74":{"start":{"line":281,"column":19},"end":{"line":281,"column":61}},"75":{"start":{"line":282,"column":4},"end":{"line":285,"column":5}},"76":{"start":{"line":283,"column":6},"end":{"line":283,"column":65}},"77":{"start":{"line":284,"column":6},"end":{"line":284,"column":13}},"78":{"start":{"line":287,"column":4},"end":{"line":287,"column":46}},"79":{"start":{"line":289,"column":4},"end":{"line":289,"column":57}},"80":{"start":{"line":296,"column":0},"end":{"line":308,"column":3}},"81":{"start":{"line":297,"column":2},"end":{"line":307,"column":3}},"82":{"start":{"line":298,"column":19},"end":{"line":298,"column":56}},"83":{"start":{"line":299,"column":4},"end":{"line":302,"column":5}},"84":{"start":{"line":300,"column":6},"end":{"line":300,"column":64}},"85":{"start":{"line":301,"column":6},"end":{"line":301,"column":13}},"86":{"start":{"line":304,"column":4},"end":{"line":304,"column":46}},"87":{"start":{"line":306,"column":4},"end":{"line":306,"column":57}},"88":{"start":{"line":316,"column":0},"end":{"line":345,"column":3}},"89":{"start":{"line":321,"column":2},"end":{"line":344,"column":3}},"90":{"start":{"line":323,"column":4},"end":{"line":323,"column":39}},"91":{"start":{"line":324,"column":4},"end":{"line":324,"column":45}},"92":{"start":{"line":325,"column":4},"end":{"line":325,"column":59}},"93":{"start":{"line":326,"column":4},"end":{"line":326,"column":51}},"94":{"start":{"line":327,"column":4},"end":{"line":327,"column":49}},"95":{"start":{"line":328,"column":4},"end":{"line":328,"column":41}},"96":{"start":{"line":330,"column":24},"end":{"line":336,"column":5}},"97":{"start":{"line":338,"column":4},"end":{"line":338,"column":43}},"98":{"start":{"line":339,"column":19},"end":{"line":339,"column":61}},"99":{"start":{"line":341,"column":4},"end":{"line":341,"column":52}},"100":{"start":{"line":343,"column":4},"end":{"line":343,"column":61}},"101":{"start":{"line":352,"column":0},"end":{"line":372,"column":3}},"102":{"start":{"line":353,"column":2},"end":{"line":353,"column":35}},"103":{"start":{"line":354,"column":2},"end":{"line":354,"column":59}},"104":{"start":{"line":355,"column":22},"end":{"line":362,"column":3}},"105":{"start":{"line":363,"column":2},"end":{"line":363,"column":47}},"106":{"start":{"line":364,"column":2},"end":{"line":371,"column":3}},"107":{"start":{"line":365,"column":19},"end":{"line":365,"column":73}},"108":{"start":{"line":367,"column":4},"end":{"line":367,"column":42}},"109":{"start":{"line":368,"column":4},"end":{"line":368,"column":46}},"110":{"start":{"line":370,"column":4},"end":{"line":370,"column":57}},"111":{"start":{"line":378,"column":0},"end":{"line":390,"column":3}},"112":{"start":{"line":379,"column":2},"end":{"line":379,"column":25}},"113":{"start":{"line":380,"column":2},"end":{"line":389,"column":3}},"114":{"start":{"line":382,"column":18},"end":{"line":382,"column":47}},"115":{"start":{"line":383,"column":4},"end":{"line":383,"column":44}},"116":{"start":{"line":385,"column":4},"end":{"line":385,"column":43}},"117":{"start":{"line":388,"column":4},"end":{"line":388,"column":61}},"118":{"start":{"line":396,"column":0},"end":{"line":410,"column":3}},"119":{"start":{"line":398,"column":2},"end":{"line":409,"column":3}},"120":{"start":{"line":400,"column":20},"end":{"line":400,"column":62}},"121":{"start":{"line":401,"column":4},"end":{"line":404,"column":5}},"122":{"start":{"line":402,"column":6},"end":{"line":402,"column":58}},"123":{"start":{"line":403,"column":6},"end":{"line":403,"column":13}},"124":{"start":{"line":406,"column":4},"end":{"line":406,"column":44}},"125":{"start":{"line":408,"column":4},"end":{"line":408,"column":57}},"126":{"start":{"line":436,"column":0},"end":{"line":448,"column":3}},"127":{"start":{"line":437,"column":2},"end":{"line":447,"column":3}},"128":{"start":{"line":438,"column":19},"end":{"line":438,"column":60}},"129":{"start":{"line":439,"column":4},"end":{"line":442,"column":5}},"130":{"start":{"line":440,"column":6},"end":{"line":440,"column":64}},"131":{"start":{"line":441,"column":6},"end":{"line":441,"column":13}},"132":{"start":{"line":444,"column":4},"end":{"line":444,"column":46}},"133":{"start":{"line":446,"column":4},"end":{"line":446,"column":57}},"134":{"start":{"line":451,"column":0},"end":{"line":451,"column":24}}},"fnMap":{"0":{"name":"(anonymous_0)","decl":{"start":{"line":33,"column":16},"end":{"line":33,"column":17}},"loc":{"start":{"line":33,"column":30},"end":{"line":35,"column":1}},"line":33},"1":{"name":"(anonymous_1)","decl":{"start":{"line":41,"column":20},"end":{"line":41,"column":21}},"loc":{"start":{"line":41,"column":41},"end":{"line":51,"column":1}},"line":41},"2":{"name":"(anonymous_2)","decl":{"start":{"line":77,"column":21},"end":{"line":77,"column":22}},"loc":{"start":{"line":77,"column":41},"end":{"line":138,"column":1}},"line":77},"3":{"name":"(anonymous_3)","decl":{"start":{"line":143,"column":24},"end":{"line":143,"column":25}},"loc":{"start":{"line":143,"column":44},"end":{"line":157,"column":1}},"line":143},"4":{"name":"(anonymous_4)","decl":{"start":{"line":163,"column":21},"end":{"line":163,"column":22}},"loc":{"start":{"line":163,"column":42},"end":{"line":173,"column":1}},"line":163},"5":{"name":"(anonymous_5)","decl":{"start":{"line":179,"column":25},"end":{"line":179,"column":26}},"loc":{"start":{"line":179,"column":45},"end":{"line":193,"column":1}},"line":179},"6":{"name":"(anonymous_6)","decl":{"start":{"line":199,"column":25},"end":{"line":199,"column":26}},"loc":{"start":{"line":199,"column":45},"end":{"line":220,"column":1}},"line":199},"7":{"name":"(anonymous_7)","decl":{"start":{"line":210,"column":46},"end":{"line":210,"column":47}},"loc":{"start":{"line":210,"column":53},"end":{"line":210,"column":68}},"line":210},"8":{"name":"(anonymous_8)","decl":{"start":{"line":226,"column":22},"end":{"line":226,"column":23}},"loc":{"start":{"line":226,"column":42},"end":{"line":246,"column":1}},"line":226},"9":{"name":"(anonymous_9)","decl":{"start":{"line":238,"column":48},"end":{"line":238,"column":49}},"loc":{"start":{"line":238,"column":55},"end":{"line":238,"column":70}},"line":238},"10":{"name":"(anonymous_10)","decl":{"start":{"line":252,"column":24},"end":{"line":252,"column":25}},"loc":{"start":{"line":252,"column":44},"end":{"line":274,"column":1}},"line":252},"11":{"name":"(anonymous_11)","decl":{"start":{"line":279,"column":28},"end":{"line":279,"column":29}},"loc":{"start":{"line":279,"column":48},"end":{"line":291,"column":1}},"line":279},"12":{"name":"(anonymous_12)","decl":{"start":{"line":296,"column":27},"end":{"line":296,"column":28}},"loc":{"start":{"line":296,"column":47},"end":{"line":308,"column":1}},"line":296},"13":{"name":"(anonymous_13)","decl":{"start":{"line":316,"column":25},"end":{"line":316,"column":26}},"loc":{"start":{"line":316,"column":46},"end":{"line":345,"column":1}},"line":316},"14":{"name":"(anonymous_14)","decl":{"start":{"line":352,"column":28},"end":{"line":352,"column":29}},"loc":{"start":{"line":352,"column":48},"end":{"line":372,"column":1}},"line":352},"15":{"name":"(anonymous_15)","decl":{"start":{"line":378,"column":24},"end":{"line":378,"column":25}},"loc":{"start":{"line":378,"column":45},"end":{"line":390,"column":1}},"line":378},"16":{"name":"(anonymous_16)","decl":{"start":{"line":396,"column":28},"end":{"line":396,"column":29}},"loc":{"start":{"line":396,"column":48},"end":{"line":410,"column":1}},"line":396},"17":{"name":"(anonymous_17)","decl":{"start":{"line":436,"column":31},"end":{"line":436,"column":32}},"loc":{"start":{"line":436,"column":51},"end":{"line":448,"column":1}},"line":436}},"branchMap":{"0":{"loc":{"start":{"line":148,"column":4},"end":{"line":151,"column":5}},"type":"if","locations":[{"start":{"line":148,"column":4},"end":{"line":151,"column":5}},{"start":{},"end":{}}],"line":148},"1":{"loc":{"start":{"line":184,"column":4},"end":{"line":187,"column":5}},"type":"if","locations":[{"start":{"line":184,"column":4},"end":{"line":187,"column":5}},{"start":{},"end":{}}],"line":184},"2":{"loc":{"start":{"line":282,"column":4},"end":{"line":285,"column":5}},"type":"if","locations":[{"start":{"line":282,"column":4},"end":{"line":285,"column":5}},{"start":{},"end":{}}],"line":282},"3":{"loc":{"start":{"line":299,"column":4},"end":{"line":302,"column":5}},"type":"if","locations":[{"start":{"line":299,"column":4},"end":{"line":302,"column":5}},{"start":{},"end":{}}],"line":299},"4":{"loc":{"start":{"line":401,"column":4},"end":{"line":404,"column":5}},"type":"if","locations":[{"start":{"line":401,"column":4},"end":{"line":404,"column":5}},{"start":{},"end":{}}],"line":401},"5":{"loc":{"start":{"line":439,"column":4},"end":{"line":442,"column":5}},"type":"if","locations":[{"start":{"line":439,"column":4},"end":{"line":442,"column":5}},{"start":{},"end":{}}],"line":439}},"s":{"0":4,"1":4,"2":4,"3":4,"4":4,"5":4,"6":4,"7":4,"8":4,"9":4,"10":0,"11":4,"12":1,"13":1,"14":1,"15":0,"16":4,"17":1,"18":1,"19":1,"20":1,"21":1,"22":1,"23":0,"24":4,"25":0,"26":0,"27":0,"28":0,"29":0,"30":0,"31":0,"32":0,"33":4,"34":1,"35":1,"36":1,"37":0,"38":4,"39":1,"40":1,"41":1,"42":0,"43":0,"44":1,"45":0,"46":4,"47":1,"48":1,"49":1,"50":1,"51":1,"52":1,"53":1,"54":0,"55":4,"56":1,"57":1,"58":1,"59":1,"60":1,"61":1,"62":1,"63":0,"64":4,"65":1,"66":1,"67":1,"68":1,"69":1,"70":1,"71":0,"72":4,"73":1,"74":1,"75":1,"76":0,"77":0,"78":1,"79":0,"80":4,"81":1,"82":1,"83":1,"84":0,"85":0,"86":1,"87":0,"88":4,"89":1,"90":1,"91":1,"92":1,"93":1,"94":1,"95":1,"96":1,"97":1,"98":1,"99":1,"100":0,"101":4,"102":1,"103":1,"104":1,"105":1,"106":1,"107":1,"108":1,"109":1,"110":0,"111":4,"112":2,"113":2,"114":2,"115":2,"116":2,"117":0,"118":4,"119":1,"120":1,"121":1,"122":0,"123":0,"124":1,"125":0,"126":4,"127":1,"128":1,"129":1,"130":0,"131":0,"132":1,"133":0,"134":4},"f":{"0":0,"1":1,"2":1,"3":0,"4":1,"5":1,"6":1,"7":1,"8":1,"9":1,"10":1,"11":1,"12":1,"13":1,"14":1,"15":2,"16":1,"17":1},"b":{"0":[0,0],"1":[0,1],"2":[0,1],"3":[0,1],"4":[0,1],"5":[0,1]},"_coverageSchema":"1a1c01bbd47fc00a2c39e90264f33305004495a9","hash":"d102a2c64cc31590246f0d9b6d3b6a7fc87929bc"}
,"/Users/gracethanglerdsumpan/project-penn-buddy/server/tests/testUtils.js": {"path":"/Users/gracethanglerdsumpan/project-penn-buddy/server/tests/testUtils.js","statementMap":{"0":{"start":{"line":15,"column":27},"end":{"line":23,"column":1}},"1":{"start":{"line":16,"column":2},"end":{"line":22,"column":3}},"2":{"start":{"line":17,"column":19},"end":{"line":17,"column":70}},"3":{"start":{"line":18,"column":4},"end":{"line":18,"column":50}},"4":{"start":{"line":19,"column":4},"end":{"line":19,"column":29}},"5":{"start":{"line":21,"column":4},"end":{"line":21,"column":38}},"6":{"start":{"line":31,"column":29},"end":{"line":43,"column":1}},"7":{"start":{"line":32,"column":2},"end":{"line":42,"column":3}},"8":{"start":{"line":33,"column":19},"end":{"line":33,"column":81}},"9":{"start":{"line":34,"column":29},"end":{"line":34,"column":35}},"10":{"start":{"line":35,"column":4},"end":{"line":39,"column":5}},"11":{"start":{"line":36,"column":6},"end":{"line":36,"column":60}},"12":{"start":{"line":38,"column":6},"end":{"line":38,"column":58}},"13":{"start":{"line":41,"column":4},"end":{"line":41,"column":38}},"14":{"start":{"line":45,"column":34},"end":{"line":57,"column":1}},"15":{"start":{"line":46,"column":2},"end":{"line":56,"column":3}},"16":{"start":{"line":47,"column":19},"end":{"line":47,"column":89}},"17":{"start":{"line":48,"column":29},"end":{"line":48,"column":35}},"18":{"start":{"line":49,"column":4},"end":{"line":53,"column":5}},"19":{"start":{"line":50,"column":6},"end":{"line":50,"column":60}},"20":{"start":{"line":52,"column":6},"end":{"line":52,"column":58}},"21":{"start":{"line":55,"column":4},"end":{"line":55,"column":38}},"22":{"start":{"line":65,"column":33},"end":{"line":77,"column":1}},"23":{"start":{"line":66,"column":2},"end":{"line":76,"column":3}},"24":{"start":{"line":67,"column":19},"end":{"line":67,"column":97}},"25":{"start":{"line":68,"column":29},"end":{"line":68,"column":35}},"26":{"start":{"line":69,"column":4},"end":{"line":73,"column":5}},"27":{"start":{"line":70,"column":6},"end":{"line":70,"column":60}},"28":{"start":{"line":72,"column":6},"end":{"line":72,"column":58}},"29":{"start":{"line":75,"column":4},"end":{"line":75,"column":38}},"30":{"start":{"line":81,"column":17},"end":{"line":97,"column":1}},"31":{"start":{"line":101,"column":18},"end":{"line":112,"column":1}},"32":{"start":{"line":114,"column":21},"end":{"line":136,"column":1}},"33":{"start":{"line":146,"column":18},"end":{"line":154,"column":1}},"34":{"start":{"line":147,"column":14},"end":{"line":147,"column":19}},"35":{"start":{"line":148,"column":2},"end":{"line":152,"column":5}},"36":{"start":{"line":149,"column":4},"end":{"line":151,"column":5}},"37":{"start":{"line":150,"column":6},"end":{"line":150,"column":19}},"38":{"start":{"line":153,"column":2},"end":{"line":153,"column":15}},"39":{"start":{"line":157,"column":0},"end":{"line":166,"column":2}}},"fnMap":{"0":{"name":"(anonymous_0)","decl":{"start":{"line":15,"column":27},"end":{"line":15,"column":28}},"loc":{"start":{"line":15,"column":63},"end":{"line":23,"column":1}},"line":15},"1":{"name":"(anonymous_1)","decl":{"start":{"line":31,"column":29},"end":{"line":31,"column":30}},"loc":{"start":{"line":31,"column":65},"end":{"line":43,"column":1}},"line":31},"2":{"name":"(anonymous_2)","decl":{"start":{"line":45,"column":34},"end":{"line":45,"column":35}},"loc":{"start":{"line":45,"column":74},"end":{"line":57,"column":1}},"line":45},"3":{"name":"(anonymous_3)","decl":{"start":{"line":65,"column":33},"end":{"line":65,"column":34}},"loc":{"start":{"line":65,"column":72},"end":{"line":77,"column":1}},"line":65},"4":{"name":"(anonymous_4)","decl":{"start":{"line":146,"column":18},"end":{"line":146,"column":19}},"loc":{"start":{"line":146,"column":32},"end":{"line":154,"column":1}},"line":146},"5":{"name":"(anonymous_5)","decl":{"start":{"line":148,"column":10},"end":{"line":148,"column":11}},"loc":{"start":{"line":148,"column":17},"end":{"line":152,"column":3}},"line":148}},"branchMap":{"0":{"loc":{"start":{"line":35,"column":4},"end":{"line":39,"column":5}},"type":"if","locations":[{"start":{"line":35,"column":4},"end":{"line":39,"column":5}},{"start":{"line":37,"column":11},"end":{"line":39,"column":5}}],"line":35},"1":{"loc":{"start":{"line":49,"column":4},"end":{"line":53,"column":5}},"type":"if","locations":[{"start":{"line":49,"column":4},"end":{"line":53,"column":5}},{"start":{"line":51,"column":11},"end":{"line":53,"column":5}}],"line":49},"2":{"loc":{"start":{"line":69,"column":4},"end":{"line":73,"column":5}},"type":"if","locations":[{"start":{"line":69,"column":4},"end":{"line":73,"column":5}},{"start":{"line":71,"column":11},"end":{"line":73,"column":5}}],"line":69},"3":{"loc":{"start":{"line":149,"column":4},"end":{"line":151,"column":5}},"type":"if","locations":[{"start":{"line":149,"column":4},"end":{"line":151,"column":5}},{"start":{},"end":{}}],"line":149}},"s":{"0":4,"1":36,"2":36,"3":34,"4":34,"5":2,"6":4,"7":15,"8":15,"9":15,"10":15,"11":11,"12":4,"13":0,"14":4,"15":12,"16":12,"17":12,"18":12,"19":11,"20":1,"21":0,"22":4,"23":9,"24":9,"25":9,"26":9,"27":7,"28":2,"29":0,"30":4,"31":4,"32":4,"33":4,"34":6,"35":6,"36":56,"37":6,"38":6,"39":4},"f":{"0":36,"1":15,"2":12,"3":9,"4":6,"5":56},"b":{"0":[11,4],"1":[11,1],"2":[7,2],"3":[6,50]},"_coverageSchema":"1a1c01bbd47fc00a2c39e90264f33305004495a9","hash":"dd1204cbf32ab1bb8559a7cefba37c14dee725a0"}
}
