TN:
SF:DbOperations.js
FN:27,(anonymous_0)
FN:46,(anonymous_1)
FN:58,(anonymous_2)
FN:65,(anonymous_3)
FN:81,(anonymous_4)
FN:97,(anonymous_5)
FN:111,(anonymous_6)
FN:128,(anonymous_7)
FN:143,(anonymous_8)
FN:161,(anonymous_9)
FN:177,(anonymous_10)
FN:193,(anonymous_11)
FN:208,(anonymous_12)
FN:226,(anonymous_13)
FNF:14
FNH:12
FNDA:9,(anonymous_0)
FNDA:9,(anonymous_1)
FNDA:7,(anonymous_2)
FNDA:1,(anonymous_3)
FNDA:0,(anonymous_4)
FNDA:1,(anonymous_5)
FNDA:1,(anonymous_6)
FNDA:0,(anonymous_7)
FNDA:0,(anonymous_7)
FNDA:1,(anonymous_8)
FNDA:1,(anonymous_9)
FNDA:1,(anonymous_10)
FNDA:1,(anonymous_11)
FNDA:1,(anonymous_12)
FNDA:1,(anonymous_13)
DA:12,4
DA:15,4
DA:18,4
DA:27,4
DA:29,9
DA:30,9
DA:35,9
DA:36,9
DA:38,0
DA:46,4
DA:48,9
DA:49,0
DA:51,9
DA:58,4
DA:59,11
DA:65,4
DA:66,1
DA:68,1
DA:69,1
DA:72,1
DA:74,0
DA:81,4
DA:82,0
DA:84,0
DA:85,0
DA:87,0
DA:88,0
DA:90,0
DA:97,4
DA:98,1
DA:99,1
DA:99,1
DA:100,1
DA:101,1
DA:102,1
DA:104,0
DA:111,4
DA:112,1
DA:114,1
DA:102,1
DA:104,0
DA:111,4
DA:112,1
DA:114,1
DA:115,1
DA:119,1
DA:121,0
DA:128,4
DA:129,0
DA:130,0
DA:131,0
DA:132,0
DA:134,0
DA:136,0
DA:143,4
DA:144,1
DA:146,1
DA:147,1
DA:119,1
DA:121,0
DA:128,4
DA:129,0
DA:130,0
DA:131,0
DA:132,0
DA:134,0
DA:136,0
DA:143,4
DA:144,1
DA:146,1
DA:147,1
DA:151,1
DA:152,1
DA:154,0
DA:161,4
DA:162,1
DA:164,1
DA:154,0
DA:161,4
DA:162,1
DA:164,1
DA:165,1
DA:167,1
DA:168,1
DA:170,0
DA:177,4
DA:178,1
DA:170,0
DA:177,4
DA:178,1
DA:180,1
DA:181,1
DA:183,1
DA:184,1
DA:186,0
DA:193,4
DA:194,1
DA:196,1
DA:197,1
DA:198,1
DA:199,1
DA:201,0
DA:208,4
DA:209,1
DA:211,1
DA:212,1
DA:216,1
DA:217,1
DA:219,0
DA:226,4
DA:227,1
DA:229,1
DA:230,1
DA:234,1
DA:235,1
DA:237,0
DA:241,4
LF:92
LH:69
BRDA:48,0,0,0
BRDA:48,0,1,9
BRDA:131,1,0,0
BRDA:131,1,1,0
BRF:4
BRH:1
end_of_record
TN:
SF:server.js
FN:33,(anonymous_0)
FN:41,(anonymous_1)
FN:77,(anonymous_2)
FN:143,(anonymous_3)
FN:163,(anonymous_4)
FN:179,(anonymous_5)
FN:199,(anonymous_6)
FN:210,(anonymous_7)
FN:226,(anonymous_8)
FN:238,(anonymous_9)
FN:252,(anonymous_10)
FN:279,(anonymous_11)
FN:296,(anonymous_12)
FNF:13
FNH:11
FNDA:0,(anonymous_0)
FNDA:1,(anonymous_1)
FNDA:1,(anonymous_2)
FNDA:0,(anonymous_3)
FNDA:1,(anonymous_2)
FNDA:0,(anonymous_3)
FNDA:1,(anonymous_4)
FNDA:1,(anonymous_5)
FNDA:1,(anonymous_6)
FNDA:1,(anonymous_7)
FNDA:1,(anonymous_8)
FNDA:1,(anonymous_9)
FNDA:1,(anonymous_10)
FNDA:1,(anonymous_11)
FNDA:1,(anonymous_12)
DA:7,4
DA:10,4
DA:13,4
DA:16,4
DA:19,4
DA:22,4
DA:24,4
DA:27,4
DA:30,4
DA:33,4
DA:34,0
DA:41,4
DA:42,1
DA:44,1
DA:46,1
DA:49,0
DA:77,4
DA:78,1
DA:79,1
DA:117,1
DA:118,1
DA:130,1
DA:134,1
DA:136,0
DA:143,4
DA:144,0
DA:145,0
DA:147,0
DA:148,0
DA:149,0
DA:150,0
DA:153,0
DA:155,0
DA:163,4
DA:164,1
DA:166,1
DA:168,1
DA:171,0
DA:179,4
DA:180,1
DA:181,1
DA:183,1
DA:184,1
DA:185,0
DA:186,0
DA:189,1
DA:191,0
DA:199,4
DA:200,1
DA:201,1
DA:202,1
DA:210,1
DA:212,1
DA:213,1
DA:214,1
DA:216,1
DA:218,0
DA:226,4
DA:227,1
DA:228,1
DA:229,1
DA:230,1
DA:238,1
DA:240,1
DA:242,1
DA:244,0
DA:252,4
DA:253,1
DA:254,1
DA:255,1
DA:267,1
DA:268,1
DA:270,1
DA:272,0
DA:279,4
DA:280,1
DA:281,1
DA:282,1
DA:283,0
DA:284,0
DA:287,1
DA:289,0
DA:296,4
DA:297,1
DA:298,1
DA:299,1
DA:300,0
DA:301,0
DA:304,1
DA:306,0
DA:311,4
LF:91
LH:67
BRDA:148,0,0,0
BRDA:148,0,1,0
BRDA:184,1,0,0
BRDA:184,1,1,1
BRDA:282,2,0,0
BRDA:282,2,1,1
BRDA:299,3,0,0
BRDA:299,3,1,1
BRF:8
BRH:3
end_of_record
TN:
SF:tests/testUtils.js
FN:17,(anonymous_0)
FN:33,(anonymous_1)
FN:47,(anonymous_2)
FN:104,(anonymous_3)
FN:106,(anonymous_4)
FNF:5
FNH:5
FNDA:14,(anonymous_0)
FNDA:7,(anonymous_1)
FNDA:7,(anonymous_2)
FNDA:4,(anonymous_3)
FNDA:44,(anonymous_4)
DA:9,4
DA:17,4
DA:18,33
DA:19,33
DA:20,31
DA:21,31
DA:23,2
DA:33,4
DA:34,14
DA:35,14
DA:36,14
DA:37,14
DA:38,10
DA:40,4
DA:43,0
DA:47,4
DA:48,11
DA:49,11
DA:50,11
DA:51,11
DA:52,10
DA:54,1
DA:57,0
DA:67,4
DA:68,8
DA:69,8
DA:70,8
DA:71,8
DA:72,5
DA:74,3
DA:77,0
DA:83,4
DA:104,4
DA:105,4
DA:106,4
DA:107,44
DA:108,4
DA:111,4
DA:115,4
LF:32
LH:29
BRDA:37,0,0,6
BRDA:37,0,1,1
BRDA:51,1,0,6
BRDA:51,1,1,1
BRDA:107,2,0,4
BRDA:107,2,1,40
BRF:6
BRH:6
end_of_record
