TN:
SF:DbOperations.js
FN:27,(anonymous_0)
FN:46,(anonymous_1)
FN:58,(anonymous_2)
FN:65,(anonymous_3)
FN:81,(anonymous_4)
FN:94,getUser
FN:106,(anonymous_6)
FN:120,(anonymous_7)
FN:137,(anonymous_8)
FN:153,(anonymous_9)
FN:171,(anonymous_10)
FN:187,(anonymous_11)
FN:203,(anonymous_12)
FN:218,(anonymous_13)
FN:236,(anonymous_14)
FN:256,(anonymous_15)
FN:272,(anonymous_16)
FN:307,(anonymous_17)
FN:326,(anonymous_18)
FN:347,(anonymous_19)
FNF:20
FNH:17
FNDA:15,(anonymous_0)
FNDA:15,(anonymous_1)
FNDA:12,(anonymous_2)
FNDA:1,(anonymous_3)
FNDA:0,(anonymous_4)
FNDA:0,getUser
FNDA:1,(anonymous_6)
FNDA:1,(anonymous_7)
FNDA:0,(anonymous_8)
FNDA:1,(anonymous_9)
FNDA:1,(anonymous_10)
FNDA:1,(anonymous_11)
FNDA:1,(anonymous_12)
FNDA:1,(anonymous_13)
FNDA:1,(anonymous_14)
FNDA:2,(anonymous_15)
FNDA:1,(anonymous_16)
FNDA:1,(anonymous_17)
FNDA:1,(anonymous_18)
FNDA:1,(anonymous_19)
DA:12,4
DA:15,4
DA:18,4
DA:27,4
DA:29,15
DA:30,15
DA:36,15
DA:38,0
DA:46,4
DA:48,15
DA:49,0
DA:51,15
DA:58,4
DA:59,12
DA:65,4
DA:66,1
DA:68,1
DA:69,1
DA:72,1
DA:74,0
DA:81,4
DA:82,0
DA:84,0
DA:85,0
DA:87,0
DA:88,0
DA:90,0
DA:95,0
DA:96,0
DA:97,0
DA:99,0
DA:106,4
DA:107,1
DA:108,1
DA:109,1
DA:110,1
DA:111,1
DA:113,0
DA:120,4
DA:121,1
DA:123,1
DA:124,1
DA:128,1
DA:130,0
DA:137,4
DA:138,0
DA:139,0
DA:140,0
DA:141,0
DA:142,0
DA:144,0
DA:146,0
DA:153,4
DA:154,1
DA:156,1
DA:157,1
DA:161,1
DA:162,1
DA:164,0
DA:171,4
DA:172,1
DA:174,1
DA:175,1
DA:177,1
DA:178,1
DA:180,0
DA:187,4
DA:188,1
DA:190,1
DA:191,1
DA:194,1
DA:196,0
DA:203,4
DA:204,1
DA:206,1
DA:207,1
DA:208,1
DA:209,1
DA:211,0
DA:218,4
DA:219,1
DA:221,1
DA:222,1
DA:226,1
DA:227,1
DA:229,0
DA:236,4
DA:237,1
DA:239,1
DA:240,1
DA:244,1
DA:245,1
DA:247,0
DA:256,4
DA:257,2
DA:259,2
DA:260,2
DA:262,2
DA:263,2
DA:265,0
DA:272,4
DA:273,1
DA:275,1
DA:276,1
DA:279,1
DA:281,0
DA:307,4
DA:308,1
DA:310,1
DA:311,1
DA:312,1
DA:313,1
DA:317,0
DA:319,1
DA:326,4
DA:327,1
DA:329,1
DA:330,1
DA:334,1
DA:335,1
DA:337,0
DA:347,4
DA:349,1
DA:350,1
DA:351,1
DA:352,1
DA:353,1
DA:354,1
DA:356,0
DA:360,4
LF:130
LH:97
BRDA:48,0,0,0
BRDA:48,0,1,15
BRDA:141,1,0,0
BRDA:141,1,1,0
BRF:4
BRH:1
end_of_record
TN:
SF:server.js
FN:44,(anonymous_0)
FN:52,(anonymous_1)
FN:69,(anonymous_2)
FN:90,(anonymous_3)
FN:112,(anonymous_4)
FN:127,(anonymous_5)
FN:192,(anonymous_6)
FN:251,(anonymous_7)
FN:267,(anonymous_8)
FN:287,(anonymous_9)
FN:298,(anonymous_10)
FN:314,(anonymous_11)
FN:326,(anonymous_12)
FN:340,(anonymous_13)
FN:367,(anonymous_14)
FN:384,(anonymous_15)
FN:404,(anonymous_16)
FN:440,(anonymous_17)
FN:466,(anonymous_18)
FN:484,(anonymous_19)
FN:524,(anonymous_20)
FNF:21
FNH:16
FNDA:0,(anonymous_0)
FNDA:0,(anonymous_1)
FNDA:0,(anonymous_2)
FNDA:0,(anonymous_3)
FNDA:1,(anonymous_4)
FNDA:1,(anonymous_5)
FNDA:0,(anonymous_6)
FNDA:1,(anonymous_7)
FNDA:1,(anonymous_8)
FNDA:1,(anonymous_9)
FNDA:1,(anonymous_10)
FNDA:1,(anonymous_11)
FNDA:1,(anonymous_12)
FNDA:1,(anonymous_13)
FNDA:1,(anonymous_14)
FNDA:1,(anonymous_15)
FNDA:1,(anonymous_16)
FNDA:1,(anonymous_17)
FNDA:2,(anonymous_18)
FNDA:1,(anonymous_19)
FNDA:1,(anonymous_20)
DA:7,4
DA:10,4
DA:13,4
DA:16,4
DA:18,4
DA:19,4
DA:20,4
DA:23,4
DA:26,4
DA:33,4
DA:35,4
DA:38,4
DA:41,4
DA:44,4
DA:45,0
DA:52,4
DA:54,0
DA:55,0
DA:56,0
DA:59,0
DA:60,0
DA:61,0
DA:63,0
DA:69,4
DA:70,0
DA:71,0
DA:72,0
DA:74,0
DA:75,0
DA:76,0
DA:78,0
DA:79,0
DA:80,0
DA:81,0
DA:84,0
DA:86,0
DA:90,4
DA:91,0
DA:92,0
DA:94,0
DA:95,0
DA:98,0
DA:99,0
DA:100,0
DA:103,0
DA:105,0
DA:112,4
DA:113,1
DA:115,1
DA:117,1
DA:120,0
DA:127,4
DA:128,1
DA:129,1
DA:130,1
DA:131,0
DA:132,0
DA:134,1
DA:135,0
DA:136,0
DA:138,1
DA:139,0
DA:140,0
DA:142,1
DA:143,0
DA:144,0
DA:146,1
DA:147,0
DA:148,0
DA:150,1
DA:151,0
DA:152,0
DA:154,1
DA:155,0
DA:156,0
DA:158,1
DA:159,0
DA:160,0
DA:162,1
DA:163,0
DA:164,0
DA:166,1
DA:167,1
DA:179,1
DA:180,1
DA:181,1
DA:182,1
DA:184,0
DA:192,4
DA:193,0
DA:194,0
DA:196,0
DA:199,0
DA:200,0
DA:201,0
DA:204,0
DA:206,0
DA:251,4
DA:252,1
DA:254,1
DA:256,1
DA:259,0
DA:267,4
DA:269,1
DA:271,1
DA:272,1
DA:273,0
DA:274,0
DA:277,1
DA:279,0
DA:287,4
DA:289,1
DA:290,1
DA:298,1
DA:300,1
DA:301,1
DA:302,1
DA:304,1
DA:306,0
DA:314,4
DA:315,1
DA:316,1
DA:317,1
DA:318,1
DA:326,1
DA:328,1
DA:330,1
DA:332,0
DA:340,4
DA:341,1
DA:342,1
DA:343,1
DA:355,1
DA:356,1
DA:358,1
DA:360,0
DA:367,4
DA:368,1
DA:369,1
DA:370,1
DA:371,0
DA:372,0
DA:375,1
DA:377,0
DA:384,4
DA:385,1
DA:386,1
DA:387,1
DA:388,0
DA:389,0
DA:392,1
DA:394,0
DA:404,4
DA:409,1
DA:411,1
DA:412,1
DA:413,1
DA:414,1
DA:415,1
DA:416,1
DA:418,1
DA:426,1
DA:427,1
DA:429,1
DA:431,0
DA:440,4
DA:441,1
DA:442,1
DA:443,1
DA:451,1
DA:452,1
DA:453,1
DA:455,1
DA:456,1
DA:458,0
DA:466,4
DA:467,2
DA:468,2
DA:470,2
DA:471,2
DA:473,2
DA:476,0
DA:484,4
DA:486,1
DA:488,1
DA:489,1
DA:490,0
DA:491,0
DA:494,1
DA:496,0
DA:524,4
DA:525,1
DA:526,1
DA:527,1
DA:528,0
DA:529,0
DA:532,1
DA:534,0
DA:539,4
LF:199
LH:120
BRDA:54,0,0,0
BRDA:54,0,1,0
BRDA:54,1,0,0
BRDA:54,1,1,0
BRDA:70,2,0,0
BRDA:70,2,1,0
BRDA:70,3,0,0
BRDA:70,3,1,0
BRDA:74,4,0,0
BRDA:74,4,1,0
BRDA:74,5,0,0
BRDA:74,5,1,0
BRDA:98,6,0,0
BRDA:98,6,1,0
BRDA:130,7,0,0
BRDA:130,7,1,1
BRDA:130,8,0,1
BRDA:130,8,1,1
BRDA:134,9,0,0
BRDA:134,9,1,1
BRDA:134,10,0,1
BRDA:134,10,1,1
BRDA:138,11,0,0
BRDA:138,11,1,1
BRDA:138,12,0,1
BRDA:138,12,1,1
BRDA:142,13,0,0
BRDA:142,13,1,1
BRDA:142,14,0,1
BRDA:142,14,1,1
BRDA:146,15,0,0
BRDA:146,15,1,1
BRDA:146,16,0,1
BRDA:146,16,1,1
BRDA:150,17,0,0
BRDA:150,17,1,1
BRDA:150,18,0,1
BRDA:150,18,1,1
BRDA:154,19,0,0
BRDA:154,19,1,1
BRDA:154,20,0,1
BRDA:154,20,1,1
BRDA:158,21,0,0
BRDA:158,21,1,1
BRDA:158,22,0,1
BRDA:158,22,1,1
BRDA:162,23,0,0
BRDA:162,23,1,1
BRDA:162,24,0,1
BRDA:162,24,1,1
BRDA:199,25,0,0
BRDA:199,25,1,0
BRDA:272,26,0,0
BRDA:272,26,1,1
BRDA:370,27,0,0
BRDA:370,27,1,1
BRDA:387,28,0,0
BRDA:387,28,1,1
BRDA:489,29,0,0
BRDA:489,29,1,1
BRDA:527,30,0,0
BRDA:527,30,1,1
BRF:62
BRH:32
end_of_record
TN:
SF:tests/testUtils.js
FN:15,(anonymous_0)
FN:31,(anonymous_1)
FN:45,(anonymous_2)
FN:65,(anonymous_3)
FN:146,(anonymous_4)
FN:148,(anonymous_5)
FNF:6
FNH:6
FNDA:36,(anonymous_0)
FNDA:15,(anonymous_1)
FNDA:12,(anonymous_2)
FNDA:9,(anonymous_3)
FNDA:6,(anonymous_4)
FNDA:58,(anonymous_5)
DA:15,4
DA:16,36
DA:17,36
DA:18,34
DA:19,34
DA:21,2
DA:31,4
DA:32,15
DA:33,15
DA:34,15
DA:35,15
DA:36,11
DA:38,4
DA:41,0
DA:45,4
DA:46,12
DA:47,12
DA:48,12
DA:49,12
DA:50,11
DA:52,1
DA:55,0
DA:65,4
DA:66,9
DA:67,9
DA:68,9
DA:69,9
DA:70,7
DA:72,2
DA:75,0
DA:81,4
DA:101,4
DA:114,4
DA:146,4
DA:147,6
DA:148,6
DA:149,58
DA:150,6
DA:153,6
DA:157,4
LF:40
LH:37
BRDA:35,0,0,11
BRDA:35,0,1,4
BRDA:49,1,0,11
BRDA:49,1,1,1
BRDA:69,2,0,7
BRDA:69,2,1,2
BRDA:149,3,0,6
BRDA:149,3,1,52
BRF:8
BRH:8
end_of_record
TN:
SF:utils/auth.js
FN:25,(anonymous_0)
FNF:1
FNH:0
FNDA:0,(anonymous_0)
DA:7,4
DA:11,4
DA:15,4
DA:25,4
DA:28,0
DA:29,0
DA:30,0
DA:31,0
DA:33,0
DA:40,4
LF:10
LH:5
BRF:0
BRH:0
end_of_record
