{"/Users/nickywong/Documents/GitHub/project-penn-buddy/client/src/api/chat.js": {"path":"/Users/nickywong/Documents/GitHub/project-penn-buddy/client/src/api/chat.js","statementMap":{"0":{"start":{"line":9,"column":31},"end":{"line":16,"column":1}},"1":{"start":{"line":10,"column":2},"end":{"line":15,"column":3}},"2":{"start":{"line":11,"column":21},"end":{"line":11,"column":65}},"3":{"start":{"line":12,"column":4},"end":{"line":12,"column":25}},"4":{"start":{"line":18,"column":30},"end":{"line":25,"column":1}},"5":{"start":{"line":19,"column":2},"end":{"line":24,"column":3}},"6":{"start":{"line":20,"column":21},"end":{"line":20,"column":59}},"7":{"start":{"line":21,"column":4},"end":{"line":21,"column":25}},"8":{"start":{"line":26,"column":26},"end":{"line":36,"column":1}},"9":{"start":{"line":27,"column":2},"end":{"line":35,"column":3}},"10":{"start":{"line":28,"column":19},"end":{"line":28,"column":21}},"11":{"start":{"line":29,"column":21},"end":{"line":29,"column":103}},"12":{"start":{"line":32,"column":4},"end":{"line":32,"column":25}},"13":{"start":{"line":38,"column":33},"end":{"line":48,"column":1}},"14":{"start":{"line":39,"column":2},"end":{"line":47,"column":3}},"15":{"start":{"line":40,"column":15},"end":{"line":40,"column":35}},"16":{"start":{"line":41,"column":18},"end":{"line":41,"column":20}},"17":{"start":{"line":42,"column":30},"end":{"line":42,"column":39}},"18":{"start":{"line":43,"column":21},"end":{"line":43,"column":94}},"19":{"start":{"line":44,"column":4},"end":{"line":44,"column":25}},"20":{"start":{"line":50,"column":30},"end":{"line":58,"column":1}},"21":{"start":{"line":51,"column":2},"end":{"line":57,"column":3}},"22":{"start":{"line":52,"column":19},"end":{"line":52,"column":21}},"23":{"start":{"line":53,"column":21},"end":{"line":53,"column":72}},"24":{"start":{"line":54,"column":4},"end":{"line":54,"column":25}}},"fnMap":{"0":{"name":"(anonymous_0)","decl":{"start":{"line":9,"column":31},"end":{"line":9,"column":32}},"loc":{"start":{"line":9,"column":45},"end":{"line":16,"column":1}},"line":9},"1":{"name":"(anonymous_1)","decl":{"start":{"line":18,"column":30},"end":{"line":18,"column":31}},"loc":{"start":{"line":18,"column":42},"end":{"line":25,"column":1}},"line":18},"2":{"name":"(anonymous_2)","decl":{"start":{"line":26,"column":26},"end":{"line":26,"column":27}},"loc":{"start":{"line":26,"column":66},"end":{"line":36,"column":1}},"line":26},"3":{"name":"(anonymous_3)","decl":{"start":{"line":38,"column":33},"end":{"line":38,"column":34}},"loc":{"start":{"line":38,"column":62},"end":{"line":48,"column":1}},"line":38},"4":{"name":"(anonymous_4)","decl":{"start":{"line":50,"column":30},"end":{"line":50,"column":31}},"loc":{"start":{"line":50,"column":44},"end":{"line":58,"column":1}},"line":50}},"branchMap":{},"s":{"0":1,"1":1,"2":1,"3":1,"4":1,"5":1,"6":1,"7":1,"8":1,"9":1,"10":1,"11":1,"12":1,"13":1,"14":0,"15":0,"16":0,"17":0,"18":0,"19":0,"20":1,"21":1,"22":1,"23":1,"24":1},"f":{"0":1,"1":1,"2":1,"3":0,"4":1},"b":{},"_coverageSchema":"1a1c01bbd47fc00a2c39e90264f33305004495a9","hash":"5a7cde2ad77a92766cb6c1dfd09857f6fe047aa6"}
,"/Users/nickywong/Documents/GitHub/project-penn-buddy/client/src/api/groups.js": {"path":"/Users/nickywong/Documents/GitHub/project-penn-buddy/client/src/api/groups.js","statementMap":{"0":{"start":{"line":14,"column":28},"end":{"line":21,"column":1}},"1":{"start":{"line":15,"column":2},"end":{"line":20,"column":3}},"2":{"start":{"line":16,"column":21},"end":{"line":16,"column":67}},"3":{"start":{"line":17,"column":4},"end":{"line":17,"column":25}},"4":{"start":{"line":19,"column":4},"end":{"line":19,"column":38}},"5":{"start":{"line":26,"column":27},"end":{"line":33,"column":1}},"6":{"start":{"line":27,"column":2},"end":{"line":32,"column":3}},"7":{"start":{"line":28,"column":21},"end":{"line":28,"column":77}},"8":{"start":{"line":29,"column":4},"end":{"line":29,"column":25}},"9":{"start":{"line":31,"column":4},"end":{"line":31,"column":38}},"10":{"start":{"line":38,"column":27},"end":{"line":45,"column":1}},"11":{"start":{"line":39,"column":2},"end":{"line":44,"column":3}},"12":{"start":{"line":40,"column":21},"end":{"line":40,"column":67}},"13":{"start":{"line":41,"column":4},"end":{"line":41,"column":25}},"14":{"start":{"line":43,"column":4},"end":{"line":43,"column":38}},"15":{"start":{"line":50,"column":28},"end":{"line":57,"column":1}},"16":{"start":{"line":51,"column":2},"end":{"line":56,"column":3}},"17":{"start":{"line":52,"column":21},"end":{"line":52,"column":56}},"18":{"start":{"line":53,"column":4},"end":{"line":53,"column":25}},"19":{"start":{"line":55,"column":4},"end":{"line":55,"column":38}},"20":{"start":{"line":62,"column":31},"end":{"line":69,"column":1}},"21":{"start":{"line":63,"column":2},"end":{"line":68,"column":3}},"22":{"start":{"line":64,"column":21},"end":{"line":64,"column":70}},"23":{"start":{"line":65,"column":4},"end":{"line":65,"column":25}},"24":{"start":{"line":67,"column":4},"end":{"line":67,"column":38}},"25":{"start":{"line":74,"column":37},"end":{"line":86,"column":1}},"26":{"start":{"line":75,"column":2},"end":{"line":85,"column":3}},"27":{"start":{"line":76,"column":21},"end":{"line":76,"column":56}},"28":{"start":{"line":77,"column":22},"end":{"line":77,"column":35}},"29":{"start":{"line":78,"column":27},"end":{"line":78,"column":80}},"30":{"start":{"line":78,"column":55},"end":{"line":78,"column":79}},"31":{"start":{"line":80,"column":4},"end":{"line":82,"column":8}},"32":{"start":{"line":81,"column":6},"end":{"line":81,"column":57}},"33":{"start":{"line":84,"column":4},"end":{"line":84,"column":38}}},"fnMap":{"0":{"name":"(anonymous_0)","decl":{"start":{"line":14,"column":28},"end":{"line":14,"column":29}},"loc":{"start":{"line":14,"column":47},"end":{"line":21,"column":1}},"line":14},"1":{"name":"(anonymous_1)","decl":{"start":{"line":26,"column":27},"end":{"line":26,"column":28}},"loc":{"start":{"line":26,"column":56},"end":{"line":33,"column":1}},"line":26},"2":{"name":"(anonymous_2)","decl":{"start":{"line":38,"column":27},"end":{"line":38,"column":28}},"loc":{"start":{"line":38,"column":47},"end":{"line":45,"column":1}},"line":38},"3":{"name":"(anonymous_3)","decl":{"start":{"line":50,"column":28},"end":{"line":50,"column":29}},"loc":{"start":{"line":50,"column":40},"end":{"line":57,"column":1}},"line":50},"4":{"name":"(anonymous_4)","decl":{"start":{"line":62,"column":31},"end":{"line":62,"column":32}},"loc":{"start":{"line":62,"column":50},"end":{"line":69,"column":1}},"line":62},"5":{"name":"(anonymous_5)","decl":{"start":{"line":74,"column":37},"end":{"line":74,"column":38}},"loc":{"start":{"line":74,"column":55},"end":{"line":86,"column":1}},"line":74},"6":{"name":"(anonymous_6)","decl":{"start":{"line":78,"column":44},"end":{"line":78,"column":45}},"loc":{"start":{"line":78,"column":55},"end":{"line":78,"column":79}},"line":78},"7":{"name":"(anonymous_7)","decl":{"start":{"line":80,"column":41},"end":{"line":80,"column":42}},"loc":{"start":{"line":80,"column":58},"end":{"line":82,"column":5}},"line":80}},"branchMap":{},"s":{"0":1,"1":1,"2":1,"3":1,"4":0,"5":1,"6":1,"7":1,"8":0,"9":1,"10":1,"11":1,"12":1,"13":0,"14":1,"15":1,"16":1,"17":1,"18":1,"19":0,"20":1,"21":1,"22":1,"23":1,"24":0,"25":1,"26":0,"27":0,"28":0,"29":0,"30":0,"31":0,"32":0,"33":0},"f":{"0":1,"1":1,"2":1,"3":1,"4":1,"5":0,"6":0,"7":0},"b":{},"_coverageSchema":"1a1c01bbd47fc00a2c39e90264f33305004495a9","hash":"2f796905cb0f2b910cd68c86e03495667054c398"}
,"/Users/nickywong/Documents/GitHub/project-penn-buddy/client/src/api/users.js": {"path":"/Users/nickywong/Documents/GitHub/project-penn-buddy/client/src/api/users.js","statementMap":{"0":{"start":{"line":11,"column":27},"end":{"line":18,"column":1}},"1":{"start":{"line":12,"column":2},"end":{"line":17,"column":3}},"2":{"start":{"line":13,"column":21},"end":{"line":13,"column":55}},"3":{"start":{"line":14,"column":4},"end":{"line":14,"column":25}},"4":{"start":{"line":16,"column":4},"end":{"line":16,"column":38}},"5":{"start":{"line":23,"column":27},"end":{"line":30,"column":1}},"6":{"start":{"line":24,"column":2},"end":{"line":29,"column":3}},"7":{"start":{"line":25,"column":21},"end":{"line":25,"column":65}},"8":{"start":{"line":26,"column":4},"end":{"line":26,"column":25}},"9":{"start":{"line":28,"column":4},"end":{"line":28,"column":38}},"10":{"start":{"line":35,"column":26},"end":{"line":42,"column":1}},"11":{"start":{"line":36,"column":2},"end":{"line":41,"column":3}},"12":{"start":{"line":37,"column":21},"end":{"line":37,"column":74}},"13":{"start":{"line":38,"column":4},"end":{"line":38,"column":25}},"14":{"start":{"line":40,"column":4},"end":{"line":40,"column":38}},"15":{"start":{"line":47,"column":26},"end":{"line":54,"column":1}},"16":{"start":{"line":48,"column":2},"end":{"line":53,"column":3}},"17":{"start":{"line":49,"column":21},"end":{"line":49,"column":68}},"18":{"start":{"line":50,"column":4},"end":{"line":50,"column":25}},"19":{"start":{"line":52,"column":4},"end":{"line":52,"column":38}}},"fnMap":{"0":{"name":"(anonymous_0)","decl":{"start":{"line":11,"column":27},"end":{"line":11,"column":28}},"loc":{"start":{"line":11,"column":39},"end":{"line":18,"column":1}},"line":11},"1":{"name":"(anonymous_1)","decl":{"start":{"line":23,"column":27},"end":{"line":23,"column":28}},"loc":{"start":{"line":23,"column":45},"end":{"line":30,"column":1}},"line":23},"2":{"name":"(anonymous_2)","decl":{"start":{"line":35,"column":26},"end":{"line":35,"column":27}},"loc":{"start":{"line":35,"column":53},"end":{"line":42,"column":1}},"line":35},"3":{"name":"(anonymous_3)","decl":{"start":{"line":47,"column":26},"end":{"line":47,"column":27}},"loc":{"start":{"line":47,"column":44},"end":{"line":54,"column":1}},"line":47}},"branchMap":{},"s":{"0":2,"1":1,"2":1,"3":1,"4":0,"5":2,"6":1,"7":1,"8":1,"9":0,"10":2,"11":0,"12":0,"13":0,"14":0,"15":2,"16":0,"17":0,"18":0,"19":0},"f":{"0":1,"1":1,"2":0,"3":0},"b":{},"_coverageSchema":"1a1c01bbd47fc00a2c39e90264f33305004495a9","hash":"ec39867020402c8ff3c75aeedfbd7d6a553446a5"}
,"/Users/nickywong/Documents/GitHub/project-penn-buddy/client/src/utils/utils.js": {"path":"/Users/nickywong/Documents/GitHub/project-penn-buddy/client/src/utils/utils.js","statementMap":{"0":{"start":{"line":2,"column":23},"end":{"line":2,"column":46}}},"fnMap":{},"branchMap":{},"s":{"0":3},"f":{},"b":{},"_coverageSchema":"1a1c01bbd47fc00a2c39e90264f33305004495a9","hash":"72b2d704ed52cb31d99c2877780557e4b010e4f4"}
}
