{"/Users/nickywong/Documents/GitHub/project-penn-buddy/client/src/api/chat.js": {"path":"/Users/nickywong/Documents/GitHub/project-penn-buddy/client/src/api/chat.js","statementMap":{"0":{"start":{"line":12,"column":31},"end":{"line":19,"column":1}},"1":{"start":{"line":13,"column":2},"end":{"line":18,"column":3}},"2":{"start":{"line":14,"column":21},"end":{"line":14,"column":65}},"3":{"start":{"line":15,"column":4},"end":{"line":15,"column":30}},"4":{"start":{"line":21,"column":31},"end":{"line":29,"column":1}},"5":{"start":{"line":22,"column":2},"end":{"line":28,"column":3}},"6":{"start":{"line":23,"column":21},"end":{"line":23,"column":59}},"7":{"start":{"line":25,"column":4},"end":{"line":25,"column":30}},"8":{"start":{"line":31,"column":30},"end":{"line":41,"column":1}},"9":{"start":{"line":32,"column":2},"end":{"line":40,"column":3}},"10":{"start":{"line":33,"column":19},"end":{"line":33,"column":21}},"11":{"start":{"line":35,"column":21},"end":{"line":35,"column":103}},"12":{"start":{"line":37,"column":4},"end":{"line":37,"column":33}},"13":{"start":{"line":43,"column":26},"end":{"line":51,"column":1}},"14":{"start":{"line":44,"column":2},"end":{"line":50,"column":3}},"15":{"start":{"line":45,"column":19},"end":{"line":45,"column":21}},"16":{"start":{"line":46,"column":21},"end":{"line":46,"column":103}},"17":{"start":{"line":47,"column":4},"end":{"line":47,"column":30}},"18":{"start":{"line":53,"column":32},"end":{"line":61,"column":1}},"19":{"start":{"line":54,"column":2},"end":{"line":60,"column":3}},"20":{"start":{"line":55,"column":19},"end":{"line":55,"column":21}},"21":{"start":{"line":56,"column":21},"end":{"line":56,"column":103}},"22":{"start":{"line":57,"column":4},"end":{"line":57,"column":30}},"23":{"start":{"line":63,"column":33},"end":{"line":84,"column":1}},"24":{"start":{"line":64,"column":2},"end":{"line":83,"column":3}},"25":{"start":{"line":67,"column":18},"end":{"line":67,"column":20}},"26":{"start":{"line":68,"column":30},"end":{"line":68,"column":39}},"27":{"start":{"line":72,"column":21},"end":{"line":78,"column":6}},"28":{"start":{"line":80,"column":4},"end":{"line":80,"column":30}},"29":{"start":{"line":86,"column":30},"end":{"line":94,"column":1}},"30":{"start":{"line":87,"column":2},"end":{"line":93,"column":3}},"31":{"start":{"line":88,"column":19},"end":{"line":88,"column":21}},"32":{"start":{"line":89,"column":21},"end":{"line":89,"column":72}},"33":{"start":{"line":90,"column":4},"end":{"line":90,"column":30}}},"fnMap":{"0":{"name":"(anonymous_0)","decl":{"start":{"line":12,"column":31},"end":{"line":12,"column":32}},"loc":{"start":{"line":12,"column":45},"end":{"line":19,"column":1}},"line":12},"1":{"name":"(anonymous_1)","decl":{"start":{"line":21,"column":31},"end":{"line":21,"column":32}},"loc":{"start":{"line":21,"column":43},"end":{"line":29,"column":1}},"line":21},"2":{"name":"(anonymous_2)","decl":{"start":{"line":31,"column":30},"end":{"line":31,"column":31}},"loc":{"start":{"line":31,"column":70},"end":{"line":41,"column":1}},"line":31},"3":{"name":"(anonymous_3)","decl":{"start":{"line":43,"column":26},"end":{"line":43,"column":27}},"loc":{"start":{"line":43,"column":66},"end":{"line":51,"column":1}},"line":43},"4":{"name":"(anonymous_4)","decl":{"start":{"line":53,"column":32},"end":{"line":53,"column":33}},"loc":{"start":{"line":53,"column":72},"end":{"line":61,"column":1}},"line":53},"5":{"name":"(anonymous_5)","decl":{"start":{"line":63,"column":33},"end":{"line":63,"column":34}},"loc":{"start":{"line":63,"column":62},"end":{"line":84,"column":1}},"line":63},"6":{"name":"(anonymous_6)","decl":{"start":{"line":86,"column":30},"end":{"line":86,"column":31}},"loc":{"start":{"line":86,"column":44},"end":{"line":94,"column":1}},"line":86}},"branchMap":{},"s":{"0":1,"1":1,"2":1,"3":1,"4":1,"5":0,"6":0,"7":0,"8":1,"9":0,"10":0,"11":0,"12":0,"13":1,"14":1,"15":1,"16":1,"17":1,"18":1,"19":0,"20":0,"21":0,"22":0,"23":1,"24":0,"25":0,"26":0,"27":0,"28":0,"29":1,"30":1,"31":1,"32":1,"33":1},"f":{"0":1,"1":0,"2":0,"3":1,"4":0,"5":0,"6":1},"b":{},"_coverageSchema":"1a1c01bbd47fc00a2c39e90264f33305004495a9","hash":"6c2620cd1367f60d229a14b19f9a147ddd888a6c"}
,"/Users/nickywong/Documents/GitHub/project-penn-buddy/client/src/api/groups.js": {"path":"/Users/nickywong/Documents/GitHub/project-penn-buddy/client/src/api/groups.js","statementMap":{"0":{"start":{"line":14,"column":28},"end":{"line":22,"column":1}},"1":{"start":{"line":15,"column":2},"end":{"line":21,"column":3}},"2":{"start":{"line":16,"column":21},"end":{"line":16,"column":67}},"3":{"start":{"line":17,"column":4},"end":{"line":17,"column":62}},"4":{"start":{"line":18,"column":4},"end":{"line":18,"column":30}},"5":{"start":{"line":20,"column":4},"end":{"line":20,"column":38}},"6":{"start":{"line":27,"column":27},"end":{"line":34,"column":1}},"7":{"start":{"line":28,"column":2},"end":{"line":33,"column":3}},"8":{"start":{"line":29,"column":21},"end":{"line":29,"column":77}},"9":{"start":{"line":30,"column":4},"end":{"line":30,"column":30}},"10":{"start":{"line":32,"column":4},"end":{"line":32,"column":38}},"11":{"start":{"line":39,"column":27},"end":{"line":46,"column":1}},"12":{"start":{"line":40,"column":2},"end":{"line":45,"column":3}},"13":{"start":{"line":41,"column":21},"end":{"line":41,"column":67}},"14":{"start":{"line":42,"column":4},"end":{"line":42,"column":30}},"15":{"start":{"line":44,"column":4},"end":{"line":44,"column":38}},"16":{"start":{"line":51,"column":28},"end":{"line":59,"column":1}},"17":{"start":{"line":52,"column":2},"end":{"line":58,"column":3}},"18":{"start":{"line":53,"column":21},"end":{"line":53,"column":56}},"19":{"start":{"line":54,"column":4},"end":{"line":54,"column":62}},"20":{"start":{"line":55,"column":4},"end":{"line":55,"column":30}},"21":{"start":{"line":57,"column":4},"end":{"line":57,"column":38}},"22":{"start":{"line":64,"column":31},"end":{"line":71,"column":1}},"23":{"start":{"line":65,"column":2},"end":{"line":70,"column":3}},"24":{"start":{"line":66,"column":21},"end":{"line":66,"column":70}},"25":{"start":{"line":67,"column":4},"end":{"line":67,"column":30}},"26":{"start":{"line":69,"column":4},"end":{"line":69,"column":38}},"27":{"start":{"line":76,"column":37},"end":{"line":88,"column":1}},"28":{"start":{"line":77,"column":2},"end":{"line":87,"column":3}},"29":{"start":{"line":78,"column":21},"end":{"line":78,"column":56}},"30":{"start":{"line":79,"column":22},"end":{"line":79,"column":40}},"31":{"start":{"line":80,"column":27},"end":{"line":80,"column":80}},"32":{"start":{"line":80,"column":55},"end":{"line":80,"column":79}},"33":{"start":{"line":82,"column":4},"end":{"line":84,"column":8}},"34":{"start":{"line":83,"column":6},"end":{"line":83,"column":57}},"35":{"start":{"line":86,"column":4},"end":{"line":86,"column":38}}},"fnMap":{"0":{"name":"(anonymous_0)","decl":{"start":{"line":14,"column":28},"end":{"line":14,"column":29}},"loc":{"start":{"line":14,"column":47},"end":{"line":22,"column":1}},"line":14},"1":{"name":"(anonymous_1)","decl":{"start":{"line":27,"column":27},"end":{"line":27,"column":28}},"loc":{"start":{"line":27,"column":56},"end":{"line":34,"column":1}},"line":27},"2":{"name":"(anonymous_2)","decl":{"start":{"line":39,"column":27},"end":{"line":39,"column":28}},"loc":{"start":{"line":39,"column":47},"end":{"line":46,"column":1}},"line":39},"3":{"name":"(anonymous_3)","decl":{"start":{"line":51,"column":28},"end":{"line":51,"column":29}},"loc":{"start":{"line":51,"column":40},"end":{"line":59,"column":1}},"line":51},"4":{"name":"(anonymous_4)","decl":{"start":{"line":64,"column":31},"end":{"line":64,"column":32}},"loc":{"start":{"line":64,"column":50},"end":{"line":71,"column":1}},"line":64},"5":{"name":"(anonymous_5)","decl":{"start":{"line":76,"column":37},"end":{"line":76,"column":38}},"loc":{"start":{"line":76,"column":55},"end":{"line":88,"column":1}},"line":76},"6":{"name":"(anonymous_6)","decl":{"start":{"line":80,"column":44},"end":{"line":80,"column":45}},"loc":{"start":{"line":80,"column":55},"end":{"line":80,"column":79}},"line":80},"7":{"name":"(anonymous_7)","decl":{"start":{"line":82,"column":41},"end":{"line":82,"column":42}},"loc":{"start":{"line":82,"column":58},"end":{"line":84,"column":5}},"line":82}},"branchMap":{},"s":{"0":1,"1":1,"2":1,"3":1,"4":1,"5":0,"6":1,"7":1,"8":1,"9":0,"10":1,"11":1,"12":1,"13":1,"14":0,"15":1,"16":1,"17":1,"18":1,"19":1,"20":1,"21":0,"22":1,"23":1,"24":1,"25":1,"26":0,"27":1,"28":0,"29":0,"30":0,"31":0,"32":0,"33":0,"34":0,"35":0},"f":{"0":1,"1":1,"2":1,"3":1,"4":1,"5":0,"6":0,"7":0},"b":{},"_coverageSchema":"1a1c01bbd47fc00a2c39e90264f33305004495a9","hash":"e27212c6d66f8acf4e86f3cfd5fc1694650a4c3a"}
,"/Users/nickywong/Documents/GitHub/project-penn-buddy/client/src/api/users.js": {"path":"/Users/nickywong/Documents/GitHub/project-penn-buddy/client/src/api/users.js","statementMap":{"0":{"start":{"line":11,"column":27},"end":{"line":19,"column":1}},"1":{"start":{"line":12,"column":2},"end":{"line":18,"column":3}},"2":{"start":{"line":13,"column":21},"end":{"line":13,"column":55}},"3":{"start":{"line":14,"column":4},"end":{"line":14,"column":61}},"4":{"start":{"line":15,"column":4},"end":{"line":15,"column":30}},"5":{"start":{"line":17,"column":4},"end":{"line":17,"column":38}},"6":{"start":{"line":24,"column":27},"end":{"line":31,"column":1}},"7":{"start":{"line":25,"column":2},"end":{"line":30,"column":3}},"8":{"start":{"line":26,"column":21},"end":{"line":26,"column":65}},"9":{"start":{"line":27,"column":4},"end":{"line":27,"column":30}},"10":{"start":{"line":29,"column":4},"end":{"line":29,"column":38}},"11":{"start":{"line":36,"column":26},"end":{"line":43,"column":1}},"12":{"start":{"line":37,"column":2},"end":{"line":42,"column":3}},"13":{"start":{"line":38,"column":21},"end":{"line":38,"column":74}},"14":{"start":{"line":39,"column":4},"end":{"line":39,"column":30}},"15":{"start":{"line":41,"column":4},"end":{"line":41,"column":38}},"16":{"start":{"line":48,"column":26},"end":{"line":55,"column":1}},"17":{"start":{"line":49,"column":2},"end":{"line":54,"column":3}},"18":{"start":{"line":50,"column":21},"end":{"line":50,"column":68}},"19":{"start":{"line":51,"column":4},"end":{"line":51,"column":30}},"20":{"start":{"line":53,"column":4},"end":{"line":53,"column":38}}},"fnMap":{"0":{"name":"(anonymous_0)","decl":{"start":{"line":11,"column":27},"end":{"line":11,"column":28}},"loc":{"start":{"line":11,"column":39},"end":{"line":19,"column":1}},"line":11},"1":{"name":"(anonymous_1)","decl":{"start":{"line":24,"column":27},"end":{"line":24,"column":28}},"loc":{"start":{"line":24,"column":45},"end":{"line":31,"column":1}},"line":24},"2":{"name":"(anonymous_2)","decl":{"start":{"line":36,"column":26},"end":{"line":36,"column":27}},"loc":{"start":{"line":36,"column":53},"end":{"line":43,"column":1}},"line":36},"3":{"name":"(anonymous_3)","decl":{"start":{"line":48,"column":26},"end":{"line":48,"column":27}},"loc":{"start":{"line":48,"column":44},"end":{"line":55,"column":1}},"line":48}},"branchMap":{},"s":{"0":2,"1":1,"2":1,"3":1,"4":1,"5":0,"6":2,"7":1,"8":1,"9":1,"10":0,"11":2,"12":0,"13":0,"14":0,"15":0,"16":2,"17":0,"18":0,"19":0,"20":0},"f":{"0":1,"1":1,"2":0,"3":0},"b":{},"_coverageSchema":"1a1c01bbd47fc00a2c39e90264f33305004495a9","hash":"894695d953b1d66439c4a2d34bdb96a9125bb360"}
,"/Users/nickywong/Documents/GitHub/project-penn-buddy/client/src/utils/utils.js": {"path":"/Users/nickywong/Documents/GitHub/project-penn-buddy/client/src/utils/utils.js","statementMap":{"0":{"start":{"line":2,"column":23},"end":{"line":2,"column":46}}},"fnMap":{},"branchMap":{},"s":{"0":3},"f":{},"b":{},"_coverageSchema":"1a1c01bbd47fc00a2c39e90264f33305004495a9","hash":"72b2d704ed52cb31d99c2877780557e4b010e4f4"}
}
