TN:
SF:src/api/chat.js
FN:12,(anonymous_0)
FN:21,(anonymous_1)
FN:31,(anonymous_2)
FN:43,(anonymous_3)
FN:53,(anonymous_4)
FN:63,(anonymous_5)
FN:86,(anonymous_6)
FNF:7
FNH:3
FNDA:1,(anonymous_0)
FNDA:0,(anonymous_1)
FNDA:0,(anonymous_2)
FNDA:1,(anonymous_3)
FNDA:0,(anonymous_4)
FNDA:0,(anonymous_5)
FNDA:1,(anonymous_6)
DA:12,1
DA:13,1
DA:14,1
DA:15,1
DA:21,1
DA:22,0
DA:23,0
DA:25,0
DA:31,1
DA:32,0
DA:33,0
DA:35,0
DA:37,0
DA:43,1
DA:44,1
DA:45,1
DA:46,1
DA:47,1
DA:53,1
DA:54,0
DA:55,0
DA:56,0
DA:57,0
DA:63,1
DA:64,0
DA:67,0
DA:68,0
DA:72,0
DA:80,0
DA:86,1
DA:87,1
DA:88,1
DA:89,1
DA:90,1
LF:34
LH:18
BRF:0
BRH:0
end_of_record
TN:
SF:src/api/groups.js
FN:14,(anonymous_0)
FN:27,(anonymous_1)
FN:39,(anonymous_2)
FN:51,(anonymous_3)
FN:64,(anonymous_4)
FN:76,(anonymous_5)
FN:80,(anonymous_6)
FN:82,(anonymous_7)
FNF:8
FNH:5
FNDA:1,(anonymous_0)
FNDA:1,(anonymous_1)
FNDA:1,(anonymous_2)
FNDA:1,(anonymous_3)
FNDA:1,(anonymous_4)
FNDA:0,(anonymous_5)
FNDA:0,(anonymous_6)
FNDA:0,(anonymous_7)
DA:14,1
DA:15,1
DA:16,1
DA:17,1
DA:18,1
DA:20,0
DA:27,1
DA:28,1
DA:29,1
DA:30,0
DA:32,1
DA:39,1
DA:40,1
DA:41,1
DA:42,0
DA:44,1
DA:51,1
DA:52,1
DA:53,1
DA:54,1
DA:55,1
DA:57,0
DA:64,1
DA:65,1
DA:66,1
DA:67,1
DA:69,0
DA:76,1
DA:77,0
DA:78,0
DA:79,0
DA:80,0
DA:82,0
DA:83,0
DA:86,0
LF:35
LH:23
BRF:0
BRH:0
end_of_record
TN:
SF:src/api/users.js
FN:11,(anonymous_0)
FN:24,(anonymous_1)
FN:36,(anonymous_2)
FN:48,(anonymous_3)
FNF:4
FNH:2
FNDA:1,(anonymous_0)
FNDA:1,(anonymous_1)
FNDA:0,(anonymous_2)
FNDA:0,(anonymous_3)
DA:11,2
DA:12,1
DA:13,1
DA:14,1
DA:15,1
DA:17,0
DA:24,2
DA:25,1
DA:26,1
DA:27,1
DA:29,0
DA:36,2
DA:37,0
DA:38,0
DA:39,0
DA:41,0
DA:48,2
DA:49,0
DA:50,0
DA:51,0
DA:53,0
LF:21
LH:11
BRF:0
BRH:0
end_of_record
TN:
SF:src/utils/utils.js
FNF:0
FNH:0
DA:2,3
LF:1
LH:1
BRF:0
BRH:0
end_of_record
