TN:
SF:src/api/chat.js
FN:9,(anonymous_0)
FN:18,(anonymous_1)
FN:26,(anonymous_2)
FN:38,(anonymous_3)
FN:50,(anonymous_4)
FNF:5
FNH:4
FNDA:1,(anonymous_0)
FNDA:1,(anonymous_1)
FNDA:1,(anonymous_2)
FNDA:0,(anonymous_3)
FNDA:1,(anonymous_4)
DA:9,1
DA:10,1
DA:11,1
DA:12,1
DA:18,1
DA:19,1
DA:20,1
DA:21,1
DA:26,1
DA:27,1
DA:28,1
DA:29,1
DA:32,1
DA:38,1
DA:39,0
DA:40,0
DA:41,0
DA:42,0
DA:43,0
DA:44,0
DA:50,1
DA:51,1
DA:52,1
DA:53,1
DA:54,1
LF:25
LH:19
BRF:0
BRH:0
end_of_record
TN:
SF:src/api/groups.js
FN:14,(anonymous_0)
FN:26,(anonymous_1)
FN:38,(anonymous_2)
FN:50,(anonymous_3)
FN:62,(anonymous_4)
FN:74,(anonymous_5)
FN:78,(anonymous_6)
FN:80,(anonymous_7)
FNF:8
FNH:5
FNDA:1,(anonymous_0)
FNDA:1,(anonymous_1)
FNDA:1,(anonymous_2)
FNDA:1,(anonymous_3)
FNDA:1,(anonymous_4)
FNDA:0,(anonymous_5)
FNDA:0,(anonymous_6)
FNDA:0,(anonymous_7)
DA:14,1
DA:15,1
DA:16,1
DA:17,1
DA:19,0
DA:26,1
DA:27,1
DA:28,1
DA:29,0
DA:31,1
DA:38,1
DA:39,1
DA:40,1
DA:41,0
DA:43,1
DA:50,1
DA:51,1
DA:52,1
DA:53,1
DA:55,0
DA:62,1
DA:63,1
DA:64,1
DA:65,1
DA:67,0
DA:74,1
DA:75,0
DA:76,0
DA:77,0
DA:78,0
DA:80,0
DA:81,0
DA:84,0
LF:33
LH:21
BRF:0
BRH:0
end_of_record
TN:
SF:src/api/users.js
FN:11,(anonymous_0)
FN:23,(anonymous_1)
FN:35,(anonymous_2)
FN:47,(anonymous_3)
FNF:4
FNH:2
FNDA:1,(anonymous_0)
FNDA:1,(anonymous_1)
FNDA:0,(anonymous_2)
FNDA:0,(anonymous_3)
DA:11,2
DA:12,1
DA:13,1
DA:14,1
DA:16,0
DA:23,2
DA:24,1
DA:25,1
DA:26,1
DA:28,0
DA:35,2
DA:36,0
DA:37,0
DA:38,0
DA:40,0
DA:47,2
DA:48,0
DA:49,0
DA:50,0
DA:52,0
LF:20
LH:10
BRF:0
BRH:0
end_of_record
TN:
SF:src/utils/utils.js
FNF:0
FNH:0
DA:2,3
LF:1
LH:1
BRF:0
BRH:0
end_of_record
